TN:
SF:/home/tarun/ros2_final/src/inspection_bot/build/_deps/googletest-src/googletest/include/gtest/gtest-assertion-result.h
FN:155,_ZN7testing15AssertionResultC2IbEERKT_PNSt9enable_ifIXntsrSt14is_convertibleIS2_S0_E5valueEvE4typeE
FN:174,_ZNK7testing15AssertionResultcvbEv
FN:183,_ZNK7testing15AssertionResult7messageEv
FN:187,_ZNK7testing15AssertionResult15failure_messageEv
FN:191,_ZN7testing15AssertionResultlsIA3_cEERS0_RKT_
FN:191,_ZN7testing15AssertionResultlsIPKcEERS0_RKT_
FN:191,_ZN7testing15AssertionResultlsIA5_cEERS0_RKT_
FN:191,_ZN7testing15AssertionResultlsIA12_cEERS0_RKT_
FN:191,_ZN7testing15AssertionResultlsINSt7__cxx1112basic_stringIcSt11char_traitsIcESaIcEEEEERS0_RKT_
FN:206,_ZN7testing15AssertionResult13AppendMessageERKNS_7MessageE
FNDA:0,_ZNK7testing15AssertionResult15failure_messageEv
FNDA:0,_ZN7testing15AssertionResultlsIPKcEERS0_RKT_
FNDA:0,_ZN7testing15AssertionResultlsIA3_cEERS0_RKT_
FNDA:0,_ZN7testing15AssertionResultlsINSt7__cxx1112basic_stringIcSt11char_traitsIcESaIcEEEEERS0_RKT_
FNDA:0,_ZN7testing15AssertionResultlsIA12_cEERS0_RKT_
FNDA:0,_ZNK7testing15AssertionResultcvbEv
FNDA:0,_ZN7testing15AssertionResultlsIA5_cEERS0_RKT_
FNDA:0,_ZN7testing15AssertionResult13AppendMessageERKNS_7MessageE
FNDA:0,_ZNK7testing15AssertionResult7messageEv
FNDA:0,_ZN7testing15AssertionResultC2IbEERKT_PNSt9enable_ifIXntsrSt14is_convertibleIS2_S0_E5valueEvE4typeE
FNF:10
FNH:0
DA:155,0
DA:161,0
DA:174,0
DA:183,0
DA:184,0
DA:187,0
DA:191,0
DA:192,0
DA:193,0
DA:206,0
DA:207,0
DA:208,0
DA:209,0
LF:13
LH:0
end_of_record
TN:
SF:/home/tarun/ros2_final/src/inspection_bot/build/_deps/googletest-src/googletest/include/gtest/gtest-message.h
FN:132,_ZN7testing7MessagelsINSt7__cxx1112basic_stringIcSt11char_traitsIcESaIcEEEEERS0_RKT_
FN:132,_ZN7testing7MessagelsIA12_cEERS0_RKT_
FN:132,_ZN7testing7MessagelsIA3_cEERS0_RKT_
FN:132,_ZN7testing7MessagelsIA5_cEERS0_RKT_
FN:182,_ZN7testing7MessagelsIKcEERS0_RKPT_
FNDA:0,_ZN7testing7MessagelsIA5_cEERS0_RKT_
FNDA:0,_ZN7testing7MessagelsIA3_cEERS0_RKT_
FNDA:0,_ZN7testing7MessagelsINSt7__cxx1112basic_stringIcSt11char_traitsIcESaIcEEEEERS0_RKT_
FNDA:0,_ZN7testing7MessagelsIA12_cEERS0_RKT_
FNDA:21,_ZN7testing7MessagelsIKcEERS0_RKPT_
FNF:5
FNH:1
DA:132,0
DA:148,0
DA:149,0
DA:182,21
DA:183,21
DA:184,0
DA:186,21
DA:188,21
LF:8
LH:4
end_of_record
TN:
SF:/home/tarun/ros2_final/src/inspection_bot/build/_deps/googletest-src/googletest/include/gtest/gtest-printers.h
FN:221,_ZN7testing8internal52internal_stream_operator_without_lexical_name_lookup13StreamPrinter10PrintValueIivEEDTcvvlsdefp0_fp_ERKT_PSo
FN:326,_ZN7testing8internal17PrintWithFallbackIiEEvRKT_PSo
FN:357,_ZN7testing8internal19FormatForComparisonIiiE6FormatB5cxx11ERKi
FN:437,_ZN7testing8internal33FormatForComparisonFailureMessageIiiEENSt7__cxx1112basic_stringIcSt11char_traitsIcESaIcEEERKT_RKT0_
FN:464,_ZN7testing8internal7PrintToIiEEvRKT_PSo
FN:799,_ZN7testing8internal16UniversalPrinterIiE5PrintERKiPSo
FN:989,_ZN7testing8internal21UniversalTersePrinterIiE5PrintERKiPSo
FN:1108,_ZN7testing8internal14UniversalPrintIiEEvRKT_PSo
FN:1148,_ZN7testing13PrintToStringIiEENSt7__cxx1112basic_stringIcSt11char_traitsIcESaIcEEERKT_
FNDA:0,_ZN7testing8internal7PrintToIiEEvRKT_PSo
FNDA:0,_ZN7testing8internal16UniversalPrinterIiE5PrintERKiPSo
FNDA:0,_ZN7testing8internal52internal_stream_operator_without_lexical_name_lookup13StreamPrinter10PrintValueIivEEDTcvvlsdefp0_fp_ERKT_PSo
FNDA:0,_ZN7testing8internal14UniversalPrintIiEEvRKT_PSo
FNDA:0,_ZN7testing8internal21UniversalTersePrinterIiE5PrintERKiPSo
FNDA:0,_ZN7testing8internal19FormatForComparisonIiiE6FormatB5cxx11ERKi
FNDA:0,_ZN7testing13PrintToStringIiEENSt7__cxx1112basic_stringIcSt11char_traitsIcESaIcEEERKT_
FNDA:0,_ZN7testing8internal33FormatForComparisonFailureMessageIiiEENSt7__cxx1112basic_stringIcSt11char_traitsIcESaIcEEERKT_RKT0_
FNDA:0,_ZN7testing8internal17PrintWithFallbackIiEEvRKT_PSo
FNF:9
FNH:0
DA:221,0
DA:225,0
DA:226,0
DA:326,0
DA:336,0
DA:337,0
DA:357,0
DA:358,0
DA:437,0
DA:439,0
DA:464,0
DA:465,0
DA:466,0
DA:799,0
DA:808,0
DA:809,0
DA:989,0
DA:990,0
DA:991,0
DA:1108,0
DA:1112,0
DA:1113,0
DA:1148,0
DA:1149,0
DA:1150,0
DA:1151,0
DA:1152,0
LF:27
LH:0
end_of_record
TN:
SF:/home/tarun/ros2_final/src/inspection_bot/build/_deps/googletest-src/googletest/include/gtest/gtest.h
FN:256,_ZN7testing4Test14SetUpTestSuiteEv
FN:264,_ZN7testing4Test17TearDownTestSuiteEv
FN:269,_ZN7testing4Test16TearDownTestCaseEv
FN:270,_ZN7testing4Test13SetUpTestCaseEv
FN:357,_ZN7testing4Test5SetupEv
FN:1359,_ZN7testing8internal18CmpHelperEQFailureIiiEENS_15AssertionResultEPKcS4_RKT_RKT0_
FN:1376,_ZN7testing8internal11CmpHelperEQIiiEENS_15AssertionResultEPKcS4_RKT_RKT0_
FN:1395,_ZN7testing8internal8EqHelper7CompareIiiLPv0EEENS_15AssertionResultEPKcS6_RKT_RKT0_
FN:1428,_ZN7testing8internal18CmpHelperOpFailureIiiEENS_15AssertionResultEPKcS4_RKT_RKT0_S4_
FN:1457,_ZN7testing8internal11CmpHelperNEIiiEENS_15AssertionResultEPKcS4_RKT_RKT0_
FN:2317,_Z13RUN_ALL_TESTSv
FNDA:0,_ZN7testing8internal18CmpHelperEQFailureIiiEENS_15AssertionResultEPKcS4_RKT_RKT0_
FNDA:0,_ZN7testing8internal8EqHelper7CompareIiiLPv0EEENS_15AssertionResultEPKcS6_RKT_RKT0_
FNDA:0,_ZN7testing4Test16TearDownTestCaseEv
FNDA:0,_ZN7testing4Test17TearDownTestSuiteEv
FNDA:0,_ZN7testing8internal11CmpHelperNEIiiEENS_15AssertionResultEPKcS4_RKT_RKT0_
FNDA:0,_ZN7testing4Test14SetUpTestSuiteEv
FNDA:0,_ZN7testing8internal11CmpHelperEQIiiEENS_15AssertionResultEPKcS4_RKT_RKT0_
FNDA:0,_ZN7testing8internal18CmpHelperOpFailureIiiEENS_15AssertionResultEPKcS4_RKT_RKT0_S4_
FNDA:0,_ZN7testing4Test13SetUpTestCaseEv
FNDA:1,_Z13RUN_ALL_TESTSv
FNDA:0,_ZN7testing4Test5SetupEv
FNF:11
FNH:1
DA:256,0
DA:264,0
DA:269,0
DA:270,0
DA:357,0
DA:1359,0
DA:1364,0
DA:1376,0
DA:1379,0
DA:1380,0
DA:1383,0
DA:1395,0
DA:1398,0
DA:1428,0
DA:1432,0
DA:1433,0
DA:1434,0
DA:1457,0
DA:2317,1
LF:19
LH:1
end_of_record
TN:
SF:/home/tarun/ros2_final/src/inspection_bot/build/_deps/googletest-src/googletest/include/gtest/internal/gtest-internal.h
FN:419,_ZN7testing8internal9GetTypeIdI16InspectorBotTestEEPKvv
FN:438,_ZN7testing8internal15TestFactoryBaseD0Ev
FN:438,_ZN7testing8internal15TestFactoryBaseD2Ev
FN:445,_ZN7testing8internal15TestFactoryBaseC2Ev
FN:457,_ZN7testing8internal15TestFactoryImplI35InspectorBotTest_RotateBotTest_TestE10CreateTestEv
FN:457,_ZN7testing8internal15TestFactoryImplI33InspectorBotTest_GetLocxTest_TestE10CreateTestEv
FN:457,_ZN7testing8internal15TestFactoryImplI32InspectorBotTest_SetLocTest_TestE10CreateTestEv
FN:457,_ZN7testing8internal15TestFactoryImplI33InspectorBotTest_GetLocyTest_TestE10CreateTestEv
FN:457,_ZN7testing8internal15TestFactoryImplI38InspectorBotTest_GoToLocationTest_TestE10CreateTestEv
FN:457,_ZN7testing8internal15TestFactoryImplI44InspectorBotTest_ContinueInspectionTest_TestE10CreateTestEv
FN:478,_ZN7testing8internal12CodeLocationC2ERKNSt7__cxx1112basic_stringIcSt11char_traitsIcESaIcEEEi
FN:491,_ZN7testing8internal19GetNotDefaultOrNullEPFvvES2_
FN:506,_ZN7testing8internal16SuiteApiResolverI16InspectorBotTestE19GetSetUpCaseOrSuiteEPKci
FN:527,_ZN7testing8internal16SuiteApiResolverI16InspectorBotTestE22GetTearDownCaseOrSuiteEPKci
FNDA:0,_ZN7testing8internal15TestFactoryImplI35InspectorBotTest_RotateBotTest_TestE10CreateTestEv
FNDA:0,_ZN7testing8internal15TestFactoryBaseD0Ev
FNDA:6,_ZN7testing8internal16SuiteApiResolverI16InspectorBotTestE22GetTearDownCaseOrSuiteEPKci
FNDA:6,_ZN7testing8internal9GetTypeIdI16InspectorBotTestEEPKvv
FNDA:0,_ZN7testing8internal15TestFactoryImplI33InspectorBotTest_GetLocyTest_TestE10CreateTestEv
FNDA:0,_ZN7testing8internal15TestFactoryImplI32InspectorBotTest_SetLocTest_TestE10CreateTestEv
FNDA:6,_ZN7testing8internal15TestFactoryBaseD2Ev
FNDA:0,_ZN7testing8internal15TestFactoryImplI38InspectorBotTest_GoToLocationTest_TestE10CreateTestEv
FNDA:0,_ZN7testing8internal15TestFactoryImplI44InspectorBotTest_ContinueInspectionTest_TestE10CreateTestEv
FNDA:0,_ZN7testing8internal15TestFactoryImplI33InspectorBotTest_GetLocxTest_TestE10CreateTestEv
FNDA:6,_ZN7testing8internal16SuiteApiResolverI16InspectorBotTestE19GetSetUpCaseOrSuiteEPKci
FNDA:24,_ZN7testing8internal19GetNotDefaultOrNullEPFvvES2_
FNDA:6,_ZN7testing8internal12CodeLocationC2ERKNSt7__cxx1112basic_stringIcSt11char_traitsIcESaIcEEEi
FNDA:6,_ZN7testing8internal15TestFactoryBaseC2Ev
FNF:14
FNH:7
DA:419,6
DA:424,6
DA:438,6
DA:445,6
DA:457,0
DA:478,6
DA:479,6
DA:491,24
DA:493,24
DA:506,6
DA:510,6
DA:512,6
DA:514,6
DA:517,0
DA:519,6
DA:527,6
DA:531,6
DA:533,6
DA:535,6
DA:538,0
DA:540,6
LF:21
LH:18
end_of_record
TN:
SF:/home/tarun/ros2_final/src/inspection_bot/build/_deps/googletest-src/googletest/include/gtest/internal/gtest-port.h
FN:1042,_ZN7testing8internal8GTestLog9GetStreamEv
FNDA:0,_ZN7testing8internal8GTestLog9GetStreamEv
FNF:1
FNH:0
DA:1042,0
LF:1
LH:0
end_of_record
TN:
SF:/home/tarun/ros2_final/src/inspection_bot/src/InspectorBot.cpp
FN:24,_ZN12InspectorBotC2Ev
FN:35,_ZN12InspectorBot12goToLocationEv
FN:70,_ZN12InspectorBot6setLocEff
FN:80,_ZN12InspectorBot7getLocxEv
FN:87,_ZN12InspectorBot7getLocyEv
FN:95,_ZN12InspectorBot9rotateBotEv
FN:127,_ZN12InspectorBot18continueInspectionEv
FN:161,_ZN12InspectorBot18inspectionCallbackESt10shared_ptrIN8nav_msgs3msg9Odometry_ISaIvEEEE
FN:176,_ZN12InspectorBot26continueInspectionCallbackESt10shared_ptrIN8nav_msgs3msg9Odometry_ISaIvEEEE
FNDA:0,_ZN12InspectorBot6setLocEff
FNDA:0,_ZN12InspectorBot7getLocxEv
FNDA:0,_ZN12InspectorBotC2Ev
FNDA:0,_ZN12InspectorBot12goToLocationEv
FNDA:0,_ZN12InspectorBot9rotateBotEv
FNDA:0,_ZN12InspectorBot18continueInspectionEv
FNDA:0,_ZN12InspectorBot18inspectionCallbackESt10shared_ptrIN8nav_msgs3msg9Odometry_ISaIvEEEE
FNDA:0,_ZN12InspectorBot7getLocyEv
FNDA:0,_ZN12InspectorBot26continueInspectionCallbackESt10shared_ptrIN8nav_msgs3msg9Odometry_ISaIvEEEE
FNF:9
FNH:0
DA:24,0
DA:25,0
DA:26,0
DA:27,0
DA:35,0
DA:36,0
DA:38,0
DA:41,0
DA:43,0
DA:44,0
DA:45,0
DA:46,0
DA:47,0
DA:48,0
DA:49,0
DA:50,0
DA:51,0
DA:52,0
DA:53,0
DA:55,0
DA:56,0
DA:57,0
DA:58,0
DA:59,0
DA:61,0
DA:62,0
DA:70,0
DA:71,0
DA:72,0
DA:73,0
DA:80,0
DA:87,0
DA:95,0
DA:96,0
DA:100,0
DA:102,0
DA:103,0
DA:104,0
DA:105,0
DA:106,0
DA:107,0
DA:108,0
DA:109,0
DA:111,0
DA:112,0
DA:113,0
DA:114,0
DA:115,0
DA:116,0
DA:119,0
DA:127,0
DA:129,0
DA:132,0
DA:133,0
DA:135,0
DA:137,0
DA:138,0
DA:139,0
DA:140,0
DA:141,0
DA:142,0
DA:143,0
DA:144,0
DA:145,0
DA:146,0
DA:148,0
DA:149,0
DA:150,0
DA:151,0
DA:152,0
DA:154,0
DA:161,0
DA:162,0
DA:163,0
DA:164,0
DA:166,0
DA:167,0
DA:169,0
DA:176,0
DA:178,0
DA:179,0
DA:180,0
DA:182,0
DA:185,0
LF:84
LH:0
end_of_record
TN:
SF:/opt/ros/humble/include/builtin_interfaces/builtin_interfaces/msg/detail/time__struct.hpp
FN:36,_ZN18builtin_interfaces3msg5Time_ISaIvEEC2EN18rosidl_runtime_cpp21MessageInitializationE
FNDA:0,_ZN18builtin_interfaces3msg5Time_ISaIvEEC2EN18rosidl_runtime_cpp21MessageInitializationE
FNF:1
FNH:0
DA:36,0
DA:38,0
DA:41,0
DA:42,0
DA:44,0
LF:5
LH:0
end_of_record
TN:
SF:/opt/ros/humble/include/geometry_msgs/geometry_msgs/msg/detail/point__struct.hpp
FN:36,_ZN13geometry_msgs3msg6Point_ISaIvEEC2EN18rosidl_runtime_cpp21MessageInitializationE
FNDA:0,_ZN13geometry_msgs3msg6Point_ISaIvEEC2EN18rosidl_runtime_cpp21MessageInitializationE
FNF:1
FNH:0
DA:36,0
DA:38,0
DA:41,0
DA:42,0
DA:43,0
DA:45,0
LF:6
LH:0
end_of_record
TN:
SF:/opt/ros/humble/include/geometry_msgs/geometry_msgs/msg/detail/pose__struct.hpp
FN:42,_ZN13geometry_msgs3msg5Pose_ISaIvEEC2EN18rosidl_runtime_cpp21MessageInitializationE
FNDA:0,_ZN13geometry_msgs3msg5Pose_ISaIvEEC2EN18rosidl_runtime_cpp21MessageInitializationE
FNF:1
FNH:0
DA:42,0
DA:43,0
DA:44,0
DA:47,0
LF:4
LH:0
end_of_record
TN:
SF:/opt/ros/humble/include/geometry_msgs/geometry_msgs/msg/detail/pose_stamped__struct.hpp
FN:42,_ZN13geometry_msgs3msg12PoseStamped_ISaIvEEC2EN18rosidl_runtime_cpp21MessageInitializationE
FNDA:0,_ZN13geometry_msgs3msg12PoseStamped_ISaIvEEC2EN18rosidl_runtime_cpp21MessageInitializationE
FNF:1
FNH:0
DA:42,0
DA:43,0
DA:44,0
DA:47,0
LF:4
LH:0
end_of_record
TN:
SF:/opt/ros/humble/include/geometry_msgs/geometry_msgs/msg/detail/pose_with_covariance__struct.hpp
FN:40,_ZN13geometry_msgs3msg19PoseWithCovariance_ISaIvEEC2EN18rosidl_runtime_cpp21MessageInitializationE
FNDA:0,_ZN13geometry_msgs3msg19PoseWithCovariance_ISaIvEEC2EN18rosidl_runtime_cpp21MessageInitializationE
FNF:1
FNH:0
DA:40,0
DA:41,0
DA:43,0
DA:46,0
DA:48,0
LF:5
LH:0
end_of_record
TN:
SF:/opt/ros/humble/include/geometry_msgs/geometry_msgs/msg/detail/quaternion__struct.hpp
FN:36,_ZN13geometry_msgs3msg11Quaternion_ISaIvEEC2EN18rosidl_runtime_cpp21MessageInitializationE
FNDA:0,_ZN13geometry_msgs3msg11Quaternion_ISaIvEEC2EN18rosidl_runtime_cpp21MessageInitializationE
FNF:1
FNH:0
DA:36,0
DA:38,0
DA:41,0
DA:42,0
DA:43,0
DA:44,0
DA:45,0
DA:46,0
DA:47,0
DA:48,0
DA:49,0
DA:51,0
LF:12
LH:0
end_of_record
TN:
SF:/opt/ros/humble/include/geometry_msgs/geometry_msgs/msg/detail/twist__struct.hpp
FN:41,_ZN13geometry_msgs3msg6Twist_ISaIvEEC2EN18rosidl_runtime_cpp21MessageInitializationE
FNDA:0,_ZN13geometry_msgs3msg6Twist_ISaIvEEC2EN18rosidl_runtime_cpp21MessageInitializationE
FNF:1
FNH:0
DA:41,0
DA:42,0
DA:43,0
DA:46,0
LF:4
LH:0
end_of_record
TN:
SF:/opt/ros/humble/include/geometry_msgs/geometry_msgs/msg/detail/twist_with_covariance__struct.hpp
FN:40,_ZN13geometry_msgs3msg20TwistWithCovariance_ISaIvEEC2EN18rosidl_runtime_cpp21MessageInitializationE
FNDA:0,_ZN13geometry_msgs3msg20TwistWithCovariance_ISaIvEEC2EN18rosidl_runtime_cpp21MessageInitializationE
FNF:1
FNH:0
DA:40,0
DA:41,0
DA:43,0
DA:46,0
DA:48,0
LF:5
LH:0
end_of_record
TN:
SF:/opt/ros/humble/include/geometry_msgs/geometry_msgs/msg/detail/vector3__struct.hpp
FN:36,_ZN13geometry_msgs3msg8Vector3_ISaIvEEC2EN18rosidl_runtime_cpp21MessageInitializationE
FNDA:0,_ZN13geometry_msgs3msg8Vector3_ISaIvEEC2EN18rosidl_runtime_cpp21MessageInitializationE
FNF:1
FNH:0
DA:36,0
DA:38,0
DA:41,0
DA:42,0
DA:43,0
DA:45,0
LF:6
LH:0
end_of_record
TN:
SF:/opt/ros/humble/include/libstatistics_collector/libstatistics_collector/collector/collector.hpp
FN:41,_ZN23libstatistics_collector9collector9CollectorC2Ev
FN:44,_ZN23libstatistics_collector9collector9CollectorD2Ev
FN:44,_ZN23libstatistics_collector9collector9CollectorD0Ev
FNDA:0,_ZN23libstatistics_collector9collector9CollectorC2Ev
FNDA:0,_ZN23libstatistics_collector9collector9CollectorD0Ev
FNDA:0,_ZN23libstatistics_collector9collector9CollectorD2Ev
FNF:3
FNH:0
DA:41,0
DA:44,0
LF:2
LH:0
end_of_record
TN:
SF:/opt/ros/humble/include/libstatistics_collector/libstatistics_collector/collector/metric_details_interface.hpp
FN:34,_ZN23libstatistics_collector9collector22MetricDetailsInterfaceD0Ev
FN:34,_ZN23libstatistics_collector9collector22MetricDetailsInterfaceD2Ev
FNDA:0,_ZN23libstatistics_collector9collector22MetricDetailsInterfaceD2Ev
FNDA:0,_ZN23libstatistics_collector9collector22MetricDetailsInterfaceD0Ev
FNF:2
FNH:0
DA:34,0
LF:1
LH:0
end_of_record
TN:
SF:/opt/ros/humble/include/libstatistics_collector/libstatistics_collector/moving_average_statistics/moving_average.hpp
FN:53,_ZN23libstatistics_collector25moving_average_statistics23MovingAverageStatisticsC2Ev
FNDA:0,_ZN23libstatistics_collector25moving_average_statistics23MovingAverageStatisticsC2Ev
FNF:1
FNH:0
DA:53,0
LF:1
LH:0
end_of_record
TN:
SF:/opt/ros/humble/include/libstatistics_collector/libstatistics_collector/topic_statistics_collector/received_message_age.hpp
FN:80,_ZN23libstatistics_collector26topic_statistics_collector9TimeStampIN8nav_msgs3msg9Odometry_ISaIvEEEvE5valueERKS6_
FN:97,_ZN23libstatistics_collector26topic_statistics_collector27ReceivedMessageAgeCollectorIN8nav_msgs3msg9Odometry_ISaIvEEEEC2Ev
FN:99,_ZN23libstatistics_collector26topic_statistics_collector27ReceivedMessageAgeCollectorIN8nav_msgs3msg9Odometry_ISaIvEEEED2Ev
FN:99,_ZN23libstatistics_collector26topic_statistics_collector27ReceivedMessageAgeCollectorIN8nav_msgs3msg9Odometry_ISaIvEEEED0Ev
FN:107,_ZN23libstatistics_collector26topic_statistics_collector27ReceivedMessageAgeCollectorIN8nav_msgs3msg9Odometry_ISaIvEEEE17OnMessageReceivedERKS6_l
FN:129,_ZNK23libstatistics_collector26topic_statistics_collector27ReceivedMessageAgeCollectorIN8nav_msgs3msg9Odometry_ISaIvEEEE13GetMetricNameB5cxx11Ev
FN:139,_ZNK23libstatistics_collector26topic_statistics_collector27ReceivedMessageAgeCollectorIN8nav_msgs3msg9Odometry_ISaIvEEEE13GetMetricUnitB5cxx11Ev
FN:145,_ZN23libstatistics_collector26topic_statistics_collector27ReceivedMessageAgeCollectorIN8nav_msgs3msg9Odometry_ISaIvEEEE10SetupStartEv
FN:150,_ZN23libstatistics_collector26topic_statistics_collector27ReceivedMessageAgeCollectorIN8nav_msgs3msg9Odometry_ISaIvEEEE9SetupStopEv
FNDA:0,_ZN23libstatistics_collector26topic_statistics_collector27ReceivedMessageAgeCollectorIN8nav_msgs3msg9Odometry_ISaIvEEEEC2Ev
FNDA:0,_ZN23libstatistics_collector26topic_statistics_collector27ReceivedMessageAgeCollectorIN8nav_msgs3msg9Odometry_ISaIvEEEE10SetupStartEv
FNDA:0,_ZNK23libstatistics_collector26topic_statistics_collector27ReceivedMessageAgeCollectorIN8nav_msgs3msg9Odometry_ISaIvEEEE13GetMetricNameB5cxx11Ev
FNDA:0,_ZN23libstatistics_collector26topic_statistics_collector27ReceivedMessageAgeCollectorIN8nav_msgs3msg9Odometry_ISaIvEEEE17OnMessageReceivedERKS6_l
FNDA:0,_ZN23libstatistics_collector26topic_statistics_collector27ReceivedMessageAgeCollectorIN8nav_msgs3msg9Odometry_ISaIvEEEED2Ev
FNDA:0,_ZN23libstatistics_collector26topic_statistics_collector27ReceivedMessageAgeCollectorIN8nav_msgs3msg9Odometry_ISaIvEEEE9SetupStopEv
FNDA:0,_ZNK23libstatistics_collector26topic_statistics_collector27ReceivedMessageAgeCollectorIN8nav_msgs3msg9Odometry_ISaIvEEEE13GetMetricUnitB5cxx11Ev
FNDA:0,_ZN23libstatistics_collector26topic_statistics_collector9TimeStampIN8nav_msgs3msg9Odometry_ISaIvEEEvE5valueERKS6_
FNDA:0,_ZN23libstatistics_collector26topic_statistics_collector27ReceivedMessageAgeCollectorIN8nav_msgs3msg9Odometry_ISaIvEEEED0Ev
FNF:9
FNH:0
DA:80,0
DA:82,0
DA:83,0
DA:84,0
DA:97,0
DA:99,0
DA:107,0
DA:111,0
DA:113,0
DA:115,0
DA:116,0
DA:117,0
DA:119,0
DA:122,0
DA:129,0
DA:131,0
DA:139,0
DA:141,0
DA:145,0
DA:147,0
DA:150,0
DA:152,0
LF:22
LH:0
end_of_record
TN:
SF:/opt/ros/humble/include/libstatistics_collector/libstatistics_collector/topic_statistics_collector/received_message_period.hpp
FN:48,_ZN23libstatistics_collector26topic_statistics_collector30ReceivedMessagePeriodCollectorIN8nav_msgs3msg9Odometry_ISaIvEEEEC2Ev
FN:53,_ZN23libstatistics_collector26topic_statistics_collector30ReceivedMessagePeriodCollectorIN8nav_msgs3msg9Odometry_ISaIvEEEED2Ev
FN:53,_ZN23libstatistics_collector26topic_statistics_collector30ReceivedMessagePeriodCollectorIN8nav_msgs3msg9Odometry_ISaIvEEEED0Ev
FN:62,_ZN23libstatistics_collector26topic_statistics_collector30ReceivedMessagePeriodCollectorIN8nav_msgs3msg9Odometry_ISaIvEEEE17OnMessageReceivedERKS6_l
FN:84,_ZNK23libstatistics_collector26topic_statistics_collector30ReceivedMessagePeriodCollectorIN8nav_msgs3msg9Odometry_ISaIvEEEE13GetMetricNameB5cxx11Ev
FN:94,_ZNK23libstatistics_collector26topic_statistics_collector30ReceivedMessagePeriodCollectorIN8nav_msgs3msg9Odometry_ISaIvEEEE13GetMetricUnitB5cxx11Ev
FN:104,_ZN23libstatistics_collector26topic_statistics_collector30ReceivedMessagePeriodCollectorIN8nav_msgs3msg9Odometry_ISaIvEEEE10SetupStartEv
FN:110,_ZN23libstatistics_collector26topic_statistics_collector30ReceivedMessagePeriodCollectorIN8nav_msgs3msg9Odometry_ISaIvEEEE9SetupStopEv
FN:119,_ZN23libstatistics_collector26topic_statistics_collector30ReceivedMessagePeriodCollectorIN8nav_msgs3msg9Odometry_ISaIvEEEE28ResetTimeLastMessageReceivedEv
FNDA:0,_ZN23libstatistics_collector26topic_statistics_collector30ReceivedMessagePeriodCollectorIN8nav_msgs3msg9Odometry_ISaIvEEEED2Ev
FNDA:0,_ZNK23libstatistics_collector26topic_statistics_collector30ReceivedMessagePeriodCollectorIN8nav_msgs3msg9Odometry_ISaIvEEEE13GetMetricUnitB5cxx11Ev
FNDA:0,_ZN23libstatistics_collector26topic_statistics_collector30ReceivedMessagePeriodCollectorIN8nav_msgs3msg9Odometry_ISaIvEEEE17OnMessageReceivedERKS6_l
FNDA:0,_ZN23libstatistics_collector26topic_statistics_collector30ReceivedMessagePeriodCollectorIN8nav_msgs3msg9Odometry_ISaIvEEEE10SetupStartEv
FNDA:0,_ZN23libstatistics_collector26topic_statistics_collector30ReceivedMessagePeriodCollectorIN8nav_msgs3msg9Odometry_ISaIvEEEEC2Ev
FNDA:0,_ZNK23libstatistics_collector26topic_statistics_collector30ReceivedMessagePeriodCollectorIN8nav_msgs3msg9Odometry_ISaIvEEEE13GetMetricNameB5cxx11Ev
FNDA:0,_ZN23libstatistics_collector26topic_statistics_collector30ReceivedMessagePeriodCollectorIN8nav_msgs3msg9Odometry_ISaIvEEEE9SetupStopEv
FNDA:0,_ZN23libstatistics_collector26topic_statistics_collector30ReceivedMessagePeriodCollectorIN8nav_msgs3msg9Odometry_ISaIvEEEED0Ev
FNDA:0,_ZN23libstatistics_collector26topic_statistics_collector30ReceivedMessagePeriodCollectorIN8nav_msgs3msg9Odometry_ISaIvEEEE28ResetTimeLastMessageReceivedEv
FNF:9
FNH:0
DA:48,0
DA:49,0
DA:50,0
DA:51,0
DA:53,0
DA:62,0
DA:65,0
DA:69,0
DA:70,0
DA:72,0
DA:73,0
DA:74,0
DA:75,0
DA:77,0
DA:84,0
DA:86,0
DA:94,0
DA:96,0
DA:104,0
DA:106,0
DA:107,0
DA:110,0
DA:112,0
DA:119,0
DA:121,0
DA:122,0
LF:26
LH:0
end_of_record
TN:
SF:/opt/ros/humble/include/libstatistics_collector/libstatistics_collector/topic_statistics_collector/topic_statistics_collector.hpp
FN:40,_ZN23libstatistics_collector26topic_statistics_collector24TopicStatisticsCollectorIN8nav_msgs3msg9Odometry_ISaIvEEEEC2Ev
FN:42,_ZN23libstatistics_collector26topic_statistics_collector24TopicStatisticsCollectorIN8nav_msgs3msg9Odometry_ISaIvEEEED0Ev
FN:42,_ZN23libstatistics_collector26topic_statistics_collector24TopicStatisticsCollectorIN8nav_msgs3msg9Odometry_ISaIvEEEED2Ev
FNDA:0,_ZN23libstatistics_collector26topic_statistics_collector24TopicStatisticsCollectorIN8nav_msgs3msg9Odometry_ISaIvEEEEC2Ev
FNDA:0,_ZN23libstatistics_collector26topic_statistics_collector24TopicStatisticsCollectorIN8nav_msgs3msg9Odometry_ISaIvEEEED0Ev
FNDA:0,_ZN23libstatistics_collector26topic_statistics_collector24TopicStatisticsCollectorIN8nav_msgs3msg9Odometry_ISaIvEEEED2Ev
FNF:3
FNH:0
DA:40,0
DA:42,0
LF:2
LH:0
end_of_record
TN:
SF:/opt/ros/humble/include/nav_msgs/nav_msgs/msg/detail/odometry__struct.hpp
FN:44,_ZN8nav_msgs3msg9Odometry_ISaIvEEC2EN18rosidl_runtime_cpp21MessageInitializationE
FNDA:0,_ZN8nav_msgs3msg9Odometry_ISaIvEEC2EN18rosidl_runtime_cpp21MessageInitializationE
FNF:1
FNH:0
DA:44,0
DA:45,0
DA:46,0
DA:47,0
DA:49,0
DA:52,0
DA:54,0
LF:7
LH:0
end_of_record
TN:
SF:/opt/ros/humble/include/rcl_interfaces/rcl_interfaces/msg/detail/parameter_descriptor__struct.hpp
FN:42,_ZN14rcl_interfaces3msg20ParameterDescriptor_ISaIvEEC2EN18rosidl_runtime_cpp21MessageInitializationE
FNDA:0,_ZN14rcl_interfaces3msg20ParameterDescriptor_ISaIvEEC2EN18rosidl_runtime_cpp21MessageInitializationE
FNF:1
FNH:0
DA:42,0
DA:43,0
DA:44,0
DA:47,0
DA:48,0
DA:49,0
DA:50,0
DA:51,0
DA:52,0
DA:53,0
DA:54,0
DA:55,0
DA:57,0
DA:60,0
DA:61,0
DA:62,0
DA:63,0
DA:65,0
LF:18
LH:0
end_of_record
TN:
SF:/opt/ros/humble/include/rclcpp/rclcpp/allocator/allocator_common.hpp
FN:34,_ZN6rclcpp9allocator16retyped_allocateISaIcEEEPvmS3_
FN:44,_ZN6rclcpp9allocator21retyped_zero_allocateISaIcEEEPvmmS3_
FN:60,_ZN6rclcpp9allocator18retyped_deallocateIcSaIcEEEvPvS3_
FN:71,_ZN6rclcpp9allocator18retyped_reallocateIcSaIcEEEPvS3_mS3_
FN:88,_ZN6rclcpp9allocator17get_rcl_allocatorIcSaIcELPv0EEE19rcutils_allocator_sRT0_
FNDA:0,_ZN6rclcpp9allocator21retyped_zero_allocateISaIcEEEPvmmS3_
FNDA:0,_ZN6rclcpp9allocator16retyped_allocateISaIcEEEPvmS3_
FNDA:0,_ZN6rclcpp9allocator18retyped_deallocateIcSaIcEEEvPvS3_
FNDA:0,_ZN6rclcpp9allocator18retyped_reallocateIcSaIcEEEPvS3_mS3_
FNDA:0,_ZN6rclcpp9allocator17get_rcl_allocatorIcSaIcELPv0EEE19rcutils_allocator_sRT0_
FNF:5
FNH:0
DA:34,0
DA:36,0
DA:37,0
DA:38,0
DA:40,0
DA:44,0
DA:46,0
DA:47,0
DA:48,0
DA:50,0
DA:52,0
DA:53,0
DA:54,0
DA:56,0
DA:60,0
DA:62,0
DA:63,0
DA:64,0
DA:66,0
DA:67,0
DA:68,0
DA:71,0
DA:73,0
DA:74,0
DA:75,0
DA:77,0
DA:78,0
DA:79,0
DA:88,0
DA:90,0
DA:92,0
DA:93,0
DA:94,0
DA:95,0
DA:96,0
DA:100,0
LF:36
LH:0
end_of_record
TN:
SF:/opt/ros/humble/include/rclcpp/rclcpp/allocator/allocator_deleter.hpp
FN:80,_ZN6rclcpp9allocator25set_allocator_for_deleterIN8nav_msgs3msg9Odometry_ISaIvEEES6_EEvPSt14default_deleteIT_EPSaIT0_E
FN:80,_ZN6rclcpp9allocator25set_allocator_for_deleterIN13geometry_msgs3msg12PoseStamped_ISaIvEEES6_EEvPSt14default_deleteIT_EPSaIT0_E
FN:80,_ZN6rclcpp9allocator25set_allocator_for_deleterIN15statistics_msgs3msg15MetricsMessage_ISaIvEEES6_EEvPSt14default_deleteIT_EPSaIT0_E
FN:80,_ZN6rclcpp9allocator25set_allocator_for_deleterIN13geometry_msgs3msg6Twist_ISaIvEEES6_EEvPSt14default_deleteIT_EPSaIT0_E
FNDA:0,_ZN6rclcpp9allocator25set_allocator_for_deleterIN8nav_msgs3msg9Odometry_ISaIvEEES6_EEvPSt14default_deleteIT_EPSaIT0_E
FNDA:0,_ZN6rclcpp9allocator25set_allocator_for_deleterIN13geometry_msgs3msg12PoseStamped_ISaIvEEES6_EEvPSt14default_deleteIT_EPSaIT0_E
FNDA:0,_ZN6rclcpp9allocator25set_allocator_for_deleterIN15statistics_msgs3msg15MetricsMessage_ISaIvEEES6_EEvPSt14default_deleteIT_EPSaIT0_E
FNDA:0,_ZN6rclcpp9allocator25set_allocator_for_deleterIN13geometry_msgs3msg6Twist_ISaIvEEES6_EEvPSt14default_deleteIT_EPSaIT0_E
FNF:4
FNH:0
DA:80,0
DA:84,0
LF:2
LH:0
end_of_record
TN:
SF:/opt/ros/humble/include/rclcpp/rclcpp/any_subscription_callback.hpp
FN:349,_ZN6rclcpp23AnySubscriptionCallbackIN8nav_msgs3msg9Odometry_ISaIvEEES4_EC2ERKS4_
FN:357,_ZN6rclcpp23AnySubscriptionCallbackIN8nav_msgs3msg9Odometry_ISaIvEEES4_EC2ERKS6_
FN:367,_ZN6rclcpp23AnySubscriptionCallbackIN8nav_msgs3msg9Odometry_ISaIvEEES4_E3setISt5_BindIFM12InspectorBotFvSt10shared_ptrIS5_EEPS9_St12_PlaceholderILi1EEEEEES6_T_
FN:408,_ZN6rclcpp23AnySubscriptionCallbackIN8nav_msgs3msg9Odometry_ISaIvEEES4_E14set_deprecatedIS5_EEvSt8functionIFvSt10shared_ptrIT_EEE
FN:428,_ZN6rclcpp23AnySubscriptionCallbackIN8nav_msgs3msg9Odometry_ISaIvEEES4_E49create_ros_unique_ptr_from_ros_shared_ptr_messageERKSt10shared_ptrIKS5_E
FN:437,_ZN6rclcpp23AnySubscriptionCallbackIN8nav_msgs3msg9Odometry_ISaIvEEES4_E52create_serialized_message_unique_ptr_from_shared_ptrERKSt10shared_ptrIKNS_17SerializedMessageEE
FN:491,_ZN6rclcpp23AnySubscriptionCallbackIN8nav_msgs3msg9Odometry_ISaIvEEES4_E8dispatchESt10shared_ptrIS5_ERKNS_11MessageInfoE
FN:505,_ZZN6rclcpp23AnySubscriptionCallbackIN8nav_msgs3msg9Odometry_ISaIvEEES4_E8dispatchESt10shared_ptrIS5_ERKNS_11MessageInfoEENKUlOT_E_clIRSt8functionIFvS8_SB_EEEEDaSD_
FN:505,_ZZN6rclcpp23AnySubscriptionCallbackIN8nav_msgs3msg9Odometry_ISaIvEEES4_E8dispatchESt10shared_ptrIS5_ERKNS_11MessageInfoEENKUlOT_E_clIRSt8functionIFvS7_IKS5_EEEEEDaSD_
FN:505,_ZZN6rclcpp23AnySubscriptionCallbackIN8nav_msgs3msg9Odometry_ISaIvEEES4_E8dispatchESt10shared_ptrIS5_ERKNS_11MessageInfoEENKUlOT_E_clIRSt8functionIFvRKS5_EEEEDaSD_
FN:505,_ZZN6rclcpp23AnySubscriptionCallbackIN8nav_msgs3msg9Odometry_ISaIvEEES4_E8dispatchESt10shared_ptrIS5_ERKNS_11MessageInfoEENKUlOT_E_clIRSt8functionIFvSt10unique_ptrINS_17SerializedMessageESt14default_deleteISI_EESB_EEEEDaSD_
FN:505,_ZZN6rclcpp23AnySubscriptionCallbackIN8nav_msgs3msg9Odometry_ISaIvEEES4_E8dispatchESt10shared_ptrIS5_ERKNS_11MessageInfoEENKUlOT_E_clIRSt8functionIFvS7_INS_17SerializedMessageEEEEEEDaSD_
FN:505,_ZZN6rclcpp23AnySubscriptionCallbackIN8nav_msgs3msg9Odometry_ISaIvEEES4_E8dispatchESt10shared_ptrIS5_ERKNS_11MessageInfoEENKUlOT_E_clIRSt8functionIFvRKS5_SB_EEEEDaSD_
FN:505,_ZZN6rclcpp23AnySubscriptionCallbackIN8nav_msgs3msg9Odometry_ISaIvEEES4_E8dispatchESt10shared_ptrIS5_ERKNS_11MessageInfoEENKUlOT_E_clIRSt8functionIFvS7_IKNS_17SerializedMessageEESB_EEEEDaSD_
FN:505,_ZZN6rclcpp23AnySubscriptionCallbackIN8nav_msgs3msg9Odometry_ISaIvEEES4_E8dispatchESt10shared_ptrIS5_ERKNS_11MessageInfoEENKUlOT_E_clIRSt8functionIFvSt10unique_ptrIS5_St14default_deleteIS5_EEEEEEDaSD_
FN:505,_ZZN6rclcpp23AnySubscriptionCallbackIN8nav_msgs3msg9Odometry_ISaIvEEES4_E8dispatchESt10shared_ptrIS5_ERKNS_11MessageInfoEENKUlOT_E_clIRSt8functionIFvRKS7_IKNS_17SerializedMessageEESB_EEEEDaSD_
FN:505,_ZZN6rclcpp23AnySubscriptionCallbackIN8nav_msgs3msg9Odometry_ISaIvEEES4_E8dispatchESt10shared_ptrIS5_ERKNS_11MessageInfoEENKUlOT_E_clIRSt8functionIFvS7_INS_17SerializedMessageEESB_EEEEDaSD_
FN:505,_ZZN6rclcpp23AnySubscriptionCallbackIN8nav_msgs3msg9Odometry_ISaIvEEES4_E8dispatchESt10shared_ptrIS5_ERKNS_11MessageInfoEENKUlOT_E_clIRSt8functionIFvRKNS_17SerializedMessageEEEEEDaSD_
FN:505,_ZZN6rclcpp23AnySubscriptionCallbackIN8nav_msgs3msg9Odometry_ISaIvEEES4_E8dispatchESt10shared_ptrIS5_ERKNS_11MessageInfoEENKUlOT_E_clIRSt8functionIFvSt10unique_ptrIS5_St14default_deleteIS5_EESB_EEEEDaSD_
FN:505,_ZZN6rclcpp23AnySubscriptionCallbackIN8nav_msgs3msg9Odometry_ISaIvEEES4_E8dispatchESt10shared_ptrIS5_ERKNS_11MessageInfoEENKUlOT_E_clIRSt8functionIFvRKNS_17SerializedMessageESB_EEEEDaSD_
FN:505,_ZZN6rclcpp23AnySubscriptionCallbackIN8nav_msgs3msg9Odometry_ISaIvEEES4_E8dispatchESt10shared_ptrIS5_ERKNS_11MessageInfoEENKUlOT_E_clIRSt8functionIFvRKS7_IKNS_17SerializedMessageEEEEEEDaSD_
FN:505,_ZZN6rclcpp23AnySubscriptionCallbackIN8nav_msgs3msg9Odometry_ISaIvEEES4_E8dispatchESt10shared_ptrIS5_ERKNS_11MessageInfoEENKUlOT_E_clIRSt8functionIFvRKS7_IKS5_ESB_EEEEDaSD_
FN:505,_ZZN6rclcpp23AnySubscriptionCallbackIN8nav_msgs3msg9Odometry_ISaIvEEES4_E8dispatchESt10shared_ptrIS5_ERKNS_11MessageInfoEENKUlOT_E_clIRSt8functionIFvS8_EEEEDaSD_
FN:505,_ZZN6rclcpp23AnySubscriptionCallbackIN8nav_msgs3msg9Odometry_ISaIvEEES4_E8dispatchESt10shared_ptrIS5_ERKNS_11MessageInfoEENKUlOT_E_clIRSt8functionIFvRKS7_IKS5_EEEEEDaSD_
FN:505,_ZZN6rclcpp23AnySubscriptionCallbackIN8nav_msgs3msg9Odometry_ISaIvEEES4_E8dispatchESt10shared_ptrIS5_ERKNS_11MessageInfoEENKUlOT_E_clIRSt8functionIFvS7_IKS5_ESB_EEEEDaSD_
FN:505,_ZZN6rclcpp23AnySubscriptionCallbackIN8nav_msgs3msg9Odometry_ISaIvEEES4_E8dispatchESt10shared_ptrIS5_ERKNS_11MessageInfoEENKUlOT_E_clIRSt8functionIFvSt10unique_ptrINS_17SerializedMessageESt14default_deleteISI_EEEEEEDaSD_
FN:505,_ZZN6rclcpp23AnySubscriptionCallbackIN8nav_msgs3msg9Odometry_ISaIvEEES4_E8dispatchESt10shared_ptrIS5_ERKNS_11MessageInfoEENKUlOT_E_clIRSt8functionIFvS7_IKNS_17SerializedMessageEEEEEEDaSD_
FN:591,_ZN6rclcpp23AnySubscriptionCallbackIN8nav_msgs3msg9Odometry_ISaIvEEES4_E8dispatchESt10shared_ptrINS_17SerializedMessageEERKNS_11MessageInfoE
FN:605,_ZZN6rclcpp23AnySubscriptionCallbackIN8nav_msgs3msg9Odometry_ISaIvEEES4_E8dispatchESt10shared_ptrINS_17SerializedMessageEERKNS_11MessageInfoEENKUlOT_E_clIRSt8functionIFvRKS7_IKS8_EEEEEDaSE_
FN:605,_ZZN6rclcpp23AnySubscriptionCallbackIN8nav_msgs3msg9Odometry_ISaIvEEES4_E8dispatchESt10shared_ptrINS_17SerializedMessageEERKNS_11MessageInfoEENKUlOT_E_clIRSt8functionIFvS9_SC_EEEEDaSE_
FN:605,_ZZN6rclcpp23AnySubscriptionCallbackIN8nav_msgs3msg9Odometry_ISaIvEEES4_E8dispatchESt10shared_ptrINS_17SerializedMessageEERKNS_11MessageInfoEENKUlOT_E_clIRSt8functionIFvSt10unique_ptrIS5_St14default_deleteIS5_EESC_EEEEDaSE_
FN:605,_ZZN6rclcpp23AnySubscriptionCallbackIN8nav_msgs3msg9Odometry_ISaIvEEES4_E8dispatchESt10shared_ptrINS_17SerializedMessageEERKNS_11MessageInfoEENKUlOT_E_clIRSt8functionIFvSt10unique_ptrIS5_St14default_deleteIS5_EEEEEEDaSE_
FN:605,_ZZN6rclcpp23AnySubscriptionCallbackIN8nav_msgs3msg9Odometry_ISaIvEEES4_E8dispatchESt10shared_ptrINS_17SerializedMessageEERKNS_11MessageInfoEENKUlOT_E_clIRSt8functionIFvSt10unique_ptrIS8_St14default_deleteIS8_EEEEEEDaSE_
FN:605,_ZZN6rclcpp23AnySubscriptionCallbackIN8nav_msgs3msg9Odometry_ISaIvEEES4_E8dispatchESt10shared_ptrINS_17SerializedMessageEERKNS_11MessageInfoEENKUlOT_E_clIRSt8functionIFvRKS5_EEEEDaSE_
FN:605,_ZZN6rclcpp23AnySubscriptionCallbackIN8nav_msgs3msg9Odometry_ISaIvEEES4_E8dispatchESt10shared_ptrINS_17SerializedMessageEERKNS_11MessageInfoEENKUlOT_E_clIRSt8functionIFvS9_EEEEDaSE_
FN:605,_ZZN6rclcpp23AnySubscriptionCallbackIN8nav_msgs3msg9Odometry_ISaIvEEES4_E8dispatchESt10shared_ptrINS_17SerializedMessageEERKNS_11MessageInfoEENKUlOT_E_clIRSt8functionIFvS7_IKS5_ESC_EEEEDaSE_
FN:605,_ZZN6rclcpp23AnySubscriptionCallbackIN8nav_msgs3msg9Odometry_ISaIvEEES4_E8dispatchESt10shared_ptrINS_17SerializedMessageEERKNS_11MessageInfoEENKUlOT_E_clIRSt8functionIFvS7_IKS8_EEEEEDaSE_
FN:605,_ZZN6rclcpp23AnySubscriptionCallbackIN8nav_msgs3msg9Odometry_ISaIvEEES4_E8dispatchESt10shared_ptrINS_17SerializedMessageEERKNS_11MessageInfoEENKUlOT_E_clIRSt8functionIFvS7_IKS8_ESC_EEEEDaSE_
FN:605,_ZZN6rclcpp23AnySubscriptionCallbackIN8nav_msgs3msg9Odometry_ISaIvEEES4_E8dispatchESt10shared_ptrINS_17SerializedMessageEERKNS_11MessageInfoEENKUlOT_E_clIRSt8functionIFvRKS5_SC_EEEEDaSE_
FN:605,_ZZN6rclcpp23AnySubscriptionCallbackIN8nav_msgs3msg9Odometry_ISaIvEEES4_E8dispatchESt10shared_ptrINS_17SerializedMessageEERKNS_11MessageInfoEENKUlOT_E_clIRSt8functionIFvS7_IKS5_EEEEEDaSE_
FN:605,_ZZN6rclcpp23AnySubscriptionCallbackIN8nav_msgs3msg9Odometry_ISaIvEEES4_E8dispatchESt10shared_ptrINS_17SerializedMessageEERKNS_11MessageInfoEENKUlOT_E_clIRSt8functionIFvRKS8_SC_EEEEDaSE_
FN:605,_ZZN6rclcpp23AnySubscriptionCallbackIN8nav_msgs3msg9Odometry_ISaIvEEES4_E8dispatchESt10shared_ptrINS_17SerializedMessageEERKNS_11MessageInfoEENKUlOT_E_clIRSt8functionIFvS7_IS5_EEEEEDaSE_
FN:605,_ZZN6rclcpp23AnySubscriptionCallbackIN8nav_msgs3msg9Odometry_ISaIvEEES4_E8dispatchESt10shared_ptrINS_17SerializedMessageEERKNS_11MessageInfoEENKUlOT_E_clIRSt8functionIFvSt10unique_ptrIS8_St14default_deleteIS8_EESC_EEEEDaSE_
FN:605,_ZZN6rclcpp23AnySubscriptionCallbackIN8nav_msgs3msg9Odometry_ISaIvEEES4_E8dispatchESt10shared_ptrINS_17SerializedMessageEERKNS_11MessageInfoEENKUlOT_E_clIRSt8functionIFvRKS7_IKS8_ESC_EEEEDaSE_
FN:605,_ZZN6rclcpp23AnySubscriptionCallbackIN8nav_msgs3msg9Odometry_ISaIvEEES4_E8dispatchESt10shared_ptrINS_17SerializedMessageEERKNS_11MessageInfoEENKUlOT_E_clIRSt8functionIFvRKS7_IKS5_ESC_EEEEDaSE_
FN:605,_ZZN6rclcpp23AnySubscriptionCallbackIN8nav_msgs3msg9Odometry_ISaIvEEES4_E8dispatchESt10shared_ptrINS_17SerializedMessageEERKNS_11MessageInfoEENKUlOT_E_clIRSt8functionIFvS7_IS5_ESC_EEEEDaSE_
FN:605,_ZZN6rclcpp23AnySubscriptionCallbackIN8nav_msgs3msg9Odometry_ISaIvEEES4_E8dispatchESt10shared_ptrINS_17SerializedMessageEERKNS_11MessageInfoEENKUlOT_E_clIRSt8functionIFvRKS8_EEEEDaSE_
FN:605,_ZZN6rclcpp23AnySubscriptionCallbackIN8nav_msgs3msg9Odometry_ISaIvEEES4_E8dispatchESt10shared_ptrINS_17SerializedMessageEERKNS_11MessageInfoEENKUlOT_E_clIRSt8functionIFvRKS7_IKS5_EEEEEDaSE_
FN:670,_ZN6rclcpp23AnySubscriptionCallbackIN8nav_msgs3msg9Odometry_ISaIvEEES4_E22dispatch_intra_processESt10shared_ptrIKS5_ERKNS_11MessageInfoE
FN:684,_ZZN6rclcpp23AnySubscriptionCallbackIN8nav_msgs3msg9Odometry_ISaIvEEES4_E22dispatch_intra_processESt10shared_ptrIKS5_ERKNS_11MessageInfoEENKUlOT_E_clIRSt8functionIFvS7_INS_17SerializedMessageEESC_EEEEDaSE_
FN:684,_ZZN6rclcpp23AnySubscriptionCallbackIN8nav_msgs3msg9Odometry_ISaIvEEES4_E22dispatch_intra_processESt10shared_ptrIKS5_ERKNS_11MessageInfoEENKUlOT_E_clIRSt8functionIFvSt10unique_ptrIS5_St14default_deleteIS5_EESC_EEEEDaSE_
FN:684,_ZZN6rclcpp23AnySubscriptionCallbackIN8nav_msgs3msg9Odometry_ISaIvEEES4_E22dispatch_intra_processESt10shared_ptrIKS5_ERKNS_11MessageInfoEENKUlOT_E_clIRSt8functionIFvS7_INS_17SerializedMessageEEEEEEDaSE_
FN:684,_ZZN6rclcpp23AnySubscriptionCallbackIN8nav_msgs3msg9Odometry_ISaIvEEES4_E22dispatch_intra_processESt10shared_ptrIKS5_ERKNS_11MessageInfoEENKUlOT_E_clIRSt8functionIFvS7_IKNS_17SerializedMessageEEEEEEDaSE_
FN:684,_ZZN6rclcpp23AnySubscriptionCallbackIN8nav_msgs3msg9Odometry_ISaIvEEES4_E22dispatch_intra_processESt10shared_ptrIKS5_ERKNS_11MessageInfoEENKUlOT_E_clIRSt8functionIFvRKNS_17SerializedMessageESC_EEEEDaSE_
FN:684,_ZZN6rclcpp23AnySubscriptionCallbackIN8nav_msgs3msg9Odometry_ISaIvEEES4_E22dispatch_intra_processESt10shared_ptrIKS5_ERKNS_11MessageInfoEENKUlOT_E_clIRSt8functionIFvS7_IS5_EEEEEDaSE_
FN:684,_ZZN6rclcpp23AnySubscriptionCallbackIN8nav_msgs3msg9Odometry_ISaIvEEES4_E22dispatch_intra_processESt10shared_ptrIKS5_ERKNS_11MessageInfoEENKUlOT_E_clIRSt8functionIFvRKS9_EEEEDaSE_
FN:684,_ZZN6rclcpp23AnySubscriptionCallbackIN8nav_msgs3msg9Odometry_ISaIvEEES4_E22dispatch_intra_processESt10shared_ptrIKS5_ERKNS_11MessageInfoEENKUlOT_E_clIRSt8functionIFvSt10unique_ptrINS_17SerializedMessageESt14default_deleteISJ_EESC_EEEEDaSE_
FN:684,_ZZN6rclcpp23AnySubscriptionCallbackIN8nav_msgs3msg9Odometry_ISaIvEEES4_E22dispatch_intra_processESt10shared_ptrIKS5_ERKNS_11MessageInfoEENKUlOT_E_clIRSt8functionIFvRKS7_IKNS_17SerializedMessageEESC_EEEEDaSE_
FN:684,_ZZN6rclcpp23AnySubscriptionCallbackIN8nav_msgs3msg9Odometry_ISaIvEEES4_E22dispatch_intra_processESt10shared_ptrIKS5_ERKNS_11MessageInfoEENKUlOT_E_clIRSt8functionIFvRS8_SC_EEEEDaSE_
FN:684,_ZZN6rclcpp23AnySubscriptionCallbackIN8nav_msgs3msg9Odometry_ISaIvEEES4_E22dispatch_intra_processESt10shared_ptrIKS5_ERKNS_11MessageInfoEENKUlOT_E_clIRSt8functionIFvRKS9_SC_EEEEDaSE_
FN:684,_ZZN6rclcpp23AnySubscriptionCallbackIN8nav_msgs3msg9Odometry_ISaIvEEES4_E22dispatch_intra_processESt10shared_ptrIKS5_ERKNS_11MessageInfoEENKUlOT_E_clIRSt8functionIFvS7_IKNS_17SerializedMessageEESC_EEEEDaSE_
FN:684,_ZZN6rclcpp23AnySubscriptionCallbackIN8nav_msgs3msg9Odometry_ISaIvEEES4_E22dispatch_intra_processESt10shared_ptrIKS5_ERKNS_11MessageInfoEENKUlOT_E_clIRSt8functionIFvRS8_EEEEDaSE_
FN:684,_ZZN6rclcpp23AnySubscriptionCallbackIN8nav_msgs3msg9Odometry_ISaIvEEES4_E22dispatch_intra_processESt10shared_ptrIKS5_ERKNS_11MessageInfoEENKUlOT_E_clIRSt8functionIFvS7_IS5_ESC_EEEEDaSE_
FN:684,_ZZN6rclcpp23AnySubscriptionCallbackIN8nav_msgs3msg9Odometry_ISaIvEEES4_E22dispatch_intra_processESt10shared_ptrIKS5_ERKNS_11MessageInfoEENKUlOT_E_clIRSt8functionIFvRKS7_IKNS_17SerializedMessageEEEEEEDaSE_
FN:684,_ZZN6rclcpp23AnySubscriptionCallbackIN8nav_msgs3msg9Odometry_ISaIvEEES4_E22dispatch_intra_processESt10shared_ptrIKS5_ERKNS_11MessageInfoEENKUlOT_E_clIRSt8functionIFvRKNS_17SerializedMessageEEEEEDaSE_
FN:684,_ZZN6rclcpp23AnySubscriptionCallbackIN8nav_msgs3msg9Odometry_ISaIvEEES4_E22dispatch_intra_processESt10shared_ptrIKS5_ERKNS_11MessageInfoEENKUlOT_E_clIRSt8functionIFvS9_EEEEDaSE_
FN:684,_ZZN6rclcpp23AnySubscriptionCallbackIN8nav_msgs3msg9Odometry_ISaIvEEES4_E22dispatch_intra_processESt10shared_ptrIKS5_ERKNS_11MessageInfoEENKUlOT_E_clIRSt8functionIFvSt10unique_ptrINS_17SerializedMessageESt14default_deleteISJ_EEEEEEDaSE_
FN:684,_ZZN6rclcpp23AnySubscriptionCallbackIN8nav_msgs3msg9Odometry_ISaIvEEES4_E22dispatch_intra_processESt10shared_ptrIKS5_ERKNS_11MessageInfoEENKUlOT_E_clIRSt8functionIFvSt10unique_ptrIS5_St14default_deleteIS5_EEEEEEDaSE_
FN:684,_ZZN6rclcpp23AnySubscriptionCallbackIN8nav_msgs3msg9Odometry_ISaIvEEES4_E22dispatch_intra_processESt10shared_ptrIKS5_ERKNS_11MessageInfoEENKUlOT_E_clIRSt8functionIFvS9_SC_EEEEDaSE_
FN:800,_ZN6rclcpp23AnySubscriptionCallbackIN8nav_msgs3msg9Odometry_ISaIvEEES4_E22dispatch_intra_processESt10unique_ptrIS5_St14default_deleteIS5_EERKNS_11MessageInfoE
FN:814,_ZZN6rclcpp23AnySubscriptionCallbackIN8nav_msgs3msg9Odometry_ISaIvEEES4_E22dispatch_intra_processESt10unique_ptrIS5_St14default_deleteIS5_EERKNS_11MessageInfoEENKUlOT_E_clIRSt8functionIFvS7_INS_17SerializedMessageES8_ISJ_EEEEEEDaSF_
FN:814,_ZZN6rclcpp23AnySubscriptionCallbackIN8nav_msgs3msg9Odometry_ISaIvEEES4_E22dispatch_intra_processESt10unique_ptrIS5_St14default_deleteIS5_EERKNS_11MessageInfoEENKUlOT_E_clIRSt8functionIFvSA_SD_EEEEDaSF_
FN:814,_ZZN6rclcpp23AnySubscriptionCallbackIN8nav_msgs3msg9Odometry_ISaIvEEES4_E22dispatch_intra_processESt10unique_ptrIS5_St14default_deleteIS5_EERKNS_11MessageInfoEENKUlOT_E_clIRSt8functionIFvSt10shared_ptrIS5_EEEEEDaSF_
FN:814,_ZZN6rclcpp23AnySubscriptionCallbackIN8nav_msgs3msg9Odometry_ISaIvEEES4_E22dispatch_intra_processESt10unique_ptrIS5_St14default_deleteIS5_EERKNS_11MessageInfoEENKUlOT_E_clIRSt8functionIFvS7_INS_17SerializedMessageES8_ISJ_EESD_EEEEDaSF_
FN:814,_ZZN6rclcpp23AnySubscriptionCallbackIN8nav_msgs3msg9Odometry_ISaIvEEES4_E22dispatch_intra_processESt10unique_ptrIS5_St14default_deleteIS5_EERKNS_11MessageInfoEENKUlOT_E_clIRSt8functionIFvSt10shared_ptrIKNS_17SerializedMessageEEEEEEDaSF_
FN:814,_ZZN6rclcpp23AnySubscriptionCallbackIN8nav_msgs3msg9Odometry_ISaIvEEES4_E22dispatch_intra_processESt10unique_ptrIS5_St14default_deleteIS5_EERKNS_11MessageInfoEENKUlOT_E_clIRSt8functionIFvRKSt10shared_ptrIKNS_17SerializedMessageEESD_EEEEDaSF_
FN:814,_ZZN6rclcpp23AnySubscriptionCallbackIN8nav_msgs3msg9Odometry_ISaIvEEES4_E22dispatch_intra_processESt10unique_ptrIS5_St14default_deleteIS5_EERKNS_11MessageInfoEENKUlOT_E_clIRSt8functionIFvSt10shared_ptrIKNS_17SerializedMessageEESD_EEEEDaSF_
FN:814,_ZZN6rclcpp23AnySubscriptionCallbackIN8nav_msgs3msg9Odometry_ISaIvEEES4_E22dispatch_intra_processESt10unique_ptrIS5_St14default_deleteIS5_EERKNS_11MessageInfoEENKUlOT_E_clIRSt8functionIFvRKNS_17SerializedMessageEEEEEDaSF_
FN:814,_ZZN6rclcpp23AnySubscriptionCallbackIN8nav_msgs3msg9Odometry_ISaIvEEES4_E22dispatch_intra_processESt10unique_ptrIS5_St14default_deleteIS5_EERKNS_11MessageInfoEENKUlOT_E_clIRSt8functionIFvRKSt10shared_ptrIKS5_EEEEEDaSF_
FN:814,_ZZN6rclcpp23AnySubscriptionCallbackIN8nav_msgs3msg9Odometry_ISaIvEEES4_E22dispatch_intra_processESt10unique_ptrIS5_St14default_deleteIS5_EERKNS_11MessageInfoEENKUlOT_E_clIRSt8functionIFvSt10shared_ptrIKS5_EEEEEDaSF_
FN:814,_ZZN6rclcpp23AnySubscriptionCallbackIN8nav_msgs3msg9Odometry_ISaIvEEES4_E22dispatch_intra_processESt10unique_ptrIS5_St14default_deleteIS5_EERKNS_11MessageInfoEENKUlOT_E_clIRSt8functionIFvSt10shared_ptrIS5_ESD_EEEEDaSF_
FN:814,_ZZN6rclcpp23AnySubscriptionCallbackIN8nav_msgs3msg9Odometry_ISaIvEEES4_E22dispatch_intra_processESt10unique_ptrIS5_St14default_deleteIS5_EERKNS_11MessageInfoEENKUlOT_E_clIRSt8functionIFvRKS5_SD_EEEEDaSF_
FN:814,_ZZN6rclcpp23AnySubscriptionCallbackIN8nav_msgs3msg9Odometry_ISaIvEEES4_E22dispatch_intra_processESt10unique_ptrIS5_St14default_deleteIS5_EERKNS_11MessageInfoEENKUlOT_E_clIRSt8functionIFvRKNS_17SerializedMessageESD_EEEEDaSF_
FN:814,_ZZN6rclcpp23AnySubscriptionCallbackIN8nav_msgs3msg9Odometry_ISaIvEEES4_E22dispatch_intra_processESt10unique_ptrIS5_St14default_deleteIS5_EERKNS_11MessageInfoEENKUlOT_E_clIRSt8functionIFvRKSt10shared_ptrIKS5_ESD_EEEEDaSF_
FN:814,_ZZN6rclcpp23AnySubscriptionCallbackIN8nav_msgs3msg9Odometry_ISaIvEEES4_E22dispatch_intra_processESt10unique_ptrIS5_St14default_deleteIS5_EERKNS_11MessageInfoEENKUlOT_E_clIRSt8functionIFvSt10shared_ptrINS_17SerializedMessageEESD_EEEEDaSF_
FN:814,_ZZN6rclcpp23AnySubscriptionCallbackIN8nav_msgs3msg9Odometry_ISaIvEEES4_E22dispatch_intra_processESt10unique_ptrIS5_St14default_deleteIS5_EERKNS_11MessageInfoEENKUlOT_E_clIRSt8functionIFvRKSt10shared_ptrIKNS_17SerializedMessageEEEEEEDaSF_
FN:814,_ZZN6rclcpp23AnySubscriptionCallbackIN8nav_msgs3msg9Odometry_ISaIvEEES4_E22dispatch_intra_processESt10unique_ptrIS5_St14default_deleteIS5_EERKNS_11MessageInfoEENKUlOT_E_clIRSt8functionIFvSA_EEEEDaSF_
FN:814,_ZZN6rclcpp23AnySubscriptionCallbackIN8nav_msgs3msg9Odometry_ISaIvEEES4_E22dispatch_intra_processESt10unique_ptrIS5_St14default_deleteIS5_EERKNS_11MessageInfoEENKUlOT_E_clIRSt8functionIFvRKS5_EEEEDaSF_
FN:814,_ZZN6rclcpp23AnySubscriptionCallbackIN8nav_msgs3msg9Odometry_ISaIvEEES4_E22dispatch_intra_processESt10unique_ptrIS5_St14default_deleteIS5_EERKNS_11MessageInfoEENKUlOT_E_clIRSt8functionIFvSt10shared_ptrINS_17SerializedMessageEEEEEEDaSF_
FN:814,_ZZN6rclcpp23AnySubscriptionCallbackIN8nav_msgs3msg9Odometry_ISaIvEEES4_E22dispatch_intra_processESt10unique_ptrIS5_St14default_deleteIS5_EERKNS_11MessageInfoEENKUlOT_E_clIRSt8functionIFvSt10shared_ptrIKS5_ESD_EEEEDaSF_
FN:935,_ZNK6rclcpp23AnySubscriptionCallbackIN8nav_msgs3msg9Odometry_ISaIvEEES4_E22use_take_shared_methodEv
FN:946,_ZNK6rclcpp23AnySubscriptionCallbackIN8nav_msgs3msg9Odometry_ISaIvEEES4_E30is_serialized_message_callbackEv
FN:957,_ZN6rclcpp23AnySubscriptionCallbackIN8nav_msgs3msg9Odometry_ISaIvEEES4_E29register_callback_for_tracingEv
FN:961,_ZZN6rclcpp23AnySubscriptionCallbackIN8nav_msgs3msg9Odometry_ISaIvEEES4_E29register_callback_for_tracingEvENKUlOT_E_clIRSt8functionIFvRKNS_17SerializedMessageEEEEEDaS8_
FN:961,_ZZN6rclcpp23AnySubscriptionCallbackIN8nav_msgs3msg9Odometry_ISaIvEEES4_E29register_callback_for_tracingEvENKUlOT_E_clIRSt8functionIFvRKSt10shared_ptrIKNS_17SerializedMessageEEEEEEDaS8_
FN:961,_ZZN6rclcpp23AnySubscriptionCallbackIN8nav_msgs3msg9Odometry_ISaIvEEES4_E29register_callback_for_tracingEvENKUlOT_E_clIRSt8functionIFvSt10unique_ptrINS_17SerializedMessageESt14default_deleteISD_EERKNS_11MessageInfoEEEEEDaS8_
FN:961,_ZZN6rclcpp23AnySubscriptionCallbackIN8nav_msgs3msg9Odometry_ISaIvEEES4_E29register_callback_for_tracingEvENKUlOT_E_clIRSt8functionIFvSt10shared_ptrIKS5_ERKNS_11MessageInfoEEEEEDaS8_
FN:961,_ZZN6rclcpp23AnySubscriptionCallbackIN8nav_msgs3msg9Odometry_ISaIvEEES4_E29register_callback_for_tracingEvENKUlOT_E_clIRSt8functionIFvSt10unique_ptrIS5_St14default_deleteIS5_EERKNS_11MessageInfoEEEEEDaS8_
FN:961,_ZZN6rclcpp23AnySubscriptionCallbackIN8nav_msgs3msg9Odometry_ISaIvEEES4_E29register_callback_for_tracingEvENKUlOT_E_clIRSt8functionIFvSt10shared_ptrIKNS_17SerializedMessageEERKNS_11MessageInfoEEEEEDaS8_
FN:961,_ZZN6rclcpp23AnySubscriptionCallbackIN8nav_msgs3msg9Odometry_ISaIvEEES4_E29register_callback_for_tracingEvENKUlOT_E_clIRSt8functionIFvSt10shared_ptrIS5_ERKNS_11MessageInfoEEEEEDaS8_
FN:961,_ZZN6rclcpp23AnySubscriptionCallbackIN8nav_msgs3msg9Odometry_ISaIvEEES4_E29register_callback_for_tracingEvENKUlOT_E_clIRSt8functionIFvSt10shared_ptrINS_17SerializedMessageEERKNS_11MessageInfoEEEEEDaS8_
FN:961,_ZZN6rclcpp23AnySubscriptionCallbackIN8nav_msgs3msg9Odometry_ISaIvEEES4_E29register_callback_for_tracingEvENKUlOT_E_clIRSt8functionIFvRKSt10shared_ptrIKS5_ERKNS_11MessageInfoEEEEEDaS8_
FN:961,_ZZN6rclcpp23AnySubscriptionCallbackIN8nav_msgs3msg9Odometry_ISaIvEEES4_E29register_callback_for_tracingEvENKUlOT_E_clIRSt8functionIFvSt10shared_ptrIKS5_EEEEEDaS8_
FN:961,_ZZN6rclcpp23AnySubscriptionCallbackIN8nav_msgs3msg9Odometry_ISaIvEEES4_E29register_callback_for_tracingEvENKUlOT_E_clIRSt8functionIFvRKS5_RKNS_11MessageInfoEEEEEDaS8_
FN:961,_ZZN6rclcpp23AnySubscriptionCallbackIN8nav_msgs3msg9Odometry_ISaIvEEES4_E29register_callback_for_tracingEvENKUlOT_E_clIRSt8functionIFvRKNS_17SerializedMessageERKNS_11MessageInfoEEEEEDaS8_
FN:961,_ZZN6rclcpp23AnySubscriptionCallbackIN8nav_msgs3msg9Odometry_ISaIvEEES4_E29register_callback_for_tracingEvENKUlOT_E_clIRSt8functionIFvSt10shared_ptrIS5_EEEEEDaS8_
FN:961,_ZZN6rclcpp23AnySubscriptionCallbackIN8nav_msgs3msg9Odometry_ISaIvEEES4_E29register_callback_for_tracingEvENKUlOT_E_clIRSt8functionIFvRKSt10shared_ptrIKS5_EEEEEDaS8_
FN:961,_ZZN6rclcpp23AnySubscriptionCallbackIN8nav_msgs3msg9Odometry_ISaIvEEES4_E29register_callback_for_tracingEvENKUlOT_E_clIRSt8functionIFvSt10unique_ptrINS_17SerializedMessageESt14default_deleteISD_EEEEEEDaS8_
FN:961,_ZZN6rclcpp23AnySubscriptionCallbackIN8nav_msgs3msg9Odometry_ISaIvEEES4_E29register_callback_for_tracingEvENKUlOT_E_clIRSt8functionIFvSt10unique_ptrIS5_St14default_deleteIS5_EEEEEEDaS8_
FN:961,_ZZN6rclcpp23AnySubscriptionCallbackIN8nav_msgs3msg9Odometry_ISaIvEEES4_E29register_callback_for_tracingEvENKUlOT_E_clIRSt8functionIFvSt10shared_ptrINS_17SerializedMessageEEEEEEDaS8_
FN:961,_ZZN6rclcpp23AnySubscriptionCallbackIN8nav_msgs3msg9Odometry_ISaIvEEES4_E29register_callback_for_tracingEvENKUlOT_E_clIRSt8functionIFvSt10shared_ptrIKNS_17SerializedMessageEEEEEEDaS8_
FN:961,_ZZN6rclcpp23AnySubscriptionCallbackIN8nav_msgs3msg9Odometry_ISaIvEEES4_E29register_callback_for_tracingEvENKUlOT_E_clIRSt8functionIFvRKS5_EEEEDaS8_
FN:961,_ZZN6rclcpp23AnySubscriptionCallbackIN8nav_msgs3msg9Odometry_ISaIvEEES4_E29register_callback_for_tracingEvENKUlOT_E_clIRSt8functionIFvRKSt10shared_ptrIKNS_17SerializedMessageEERKNS_11MessageInfoEEEEEDaS8_
FNDA:0,_ZZN6rclcpp23AnySubscriptionCallbackIN8nav_msgs3msg9Odometry_ISaIvEEES4_E22dispatch_intra_processESt10shared_ptrIKS5_ERKNS_11MessageInfoEENKUlOT_E_clIRSt8functionIFvS9_SC_EEEEDaSE_
FNDA:0,_ZZN6rclcpp23AnySubscriptionCallbackIN8nav_msgs3msg9Odometry_ISaIvEEES4_E8dispatchESt10shared_ptrIS5_ERKNS_11MessageInfoEENKUlOT_E_clIRSt8functionIFvSt10unique_ptrINS_17SerializedMessageESt14default_deleteISI_EEEEEEDaSD_
FNDA:0,_ZZN6rclcpp23AnySubscriptionCallbackIN8nav_msgs3msg9Odometry_ISaIvEEES4_E8dispatchESt10shared_ptrIS5_ERKNS_11MessageInfoEENKUlOT_E_clIRSt8functionIFvS7_IKNS_17SerializedMessageEEEEEEDaSD_
FNDA:0,_ZZN6rclcpp23AnySubscriptionCallbackIN8nav_msgs3msg9Odometry_ISaIvEEES4_E8dispatchESt10shared_ptrINS_17SerializedMessageEERKNS_11MessageInfoEENKUlOT_E_clIRSt8functionIFvRKS7_IKS5_EEEEEDaSE_
FNDA:0,_ZNK6rclcpp23AnySubscriptionCallbackIN8nav_msgs3msg9Odometry_ISaIvEEES4_E22use_take_shared_methodEv
FNDA:0,_ZZN6rclcpp23AnySubscriptionCallbackIN8nav_msgs3msg9Odometry_ISaIvEEES4_E22dispatch_intra_processESt10unique_ptrIS5_St14default_deleteIS5_EERKNS_11MessageInfoEENKUlOT_E_clIRSt8functionIFvSt10shared_ptrINS_17SerializedMessageEEEEEEDaSF_
FNDA:0,_ZZN6rclcpp23AnySubscriptionCallbackIN8nav_msgs3msg9Odometry_ISaIvEEES4_E22dispatch_intra_processESt10unique_ptrIS5_St14default_deleteIS5_EERKNS_11MessageInfoEENKUlOT_E_clIRSt8functionIFvSt10shared_ptrIKS5_ESD_EEEEDaSF_
FNDA:0,_ZN6rclcpp23AnySubscriptionCallbackIN8nav_msgs3msg9Odometry_ISaIvEEES4_E8dispatchESt10shared_ptrINS_17SerializedMessageEERKNS_11MessageInfoE
FNDA:0,_ZZN6rclcpp23AnySubscriptionCallbackIN8nav_msgs3msg9Odometry_ISaIvEEES4_E29register_callback_for_tracingEvENKUlOT_E_clIRSt8functionIFvRKSt10shared_ptrIKNS_17SerializedMessageEERKNS_11MessageInfoEEEEEDaS8_
FNDA:0,_ZZN6rclcpp23AnySubscriptionCallbackIN8nav_msgs3msg9Odometry_ISaIvEEES4_E22dispatch_intra_processESt10unique_ptrIS5_St14default_deleteIS5_EERKNS_11MessageInfoEENKUlOT_E_clIRSt8functionIFvSA_EEEEDaSF_
FNDA:0,_ZZN6rclcpp23AnySubscriptionCallbackIN8nav_msgs3msg9Odometry_ISaIvEEES4_E22dispatch_intra_processESt10unique_ptrIS5_St14default_deleteIS5_EERKNS_11MessageInfoEENKUlOT_E_clIRSt8functionIFvRKS5_EEEEDaSF_
FNDA:0,_ZZN6rclcpp23AnySubscriptionCallbackIN8nav_msgs3msg9Odometry_ISaIvEEES4_E29register_callback_for_tracingEvENKUlOT_E_clIRSt8functionIFvRKS5_EEEEDaS8_
FNDA:0,_ZZN6rclcpp23AnySubscriptionCallbackIN8nav_msgs3msg9Odometry_ISaIvEEES4_E22dispatch_intra_processESt10unique_ptrIS5_St14default_deleteIS5_EERKNS_11MessageInfoEENKUlOT_E_clIRSt8functionIFvRKSt10shared_ptrIKNS_17SerializedMessageEEEEEEDaSF_
FNDA:0,_ZZN6rclcpp23AnySubscriptionCallbackIN8nav_msgs3msg9Odometry_ISaIvEEES4_E22dispatch_intra_processESt10unique_ptrIS5_St14default_deleteIS5_EERKNS_11MessageInfoEENKUlOT_E_clIRSt8functionIFvSt10shared_ptrINS_17SerializedMessageEESD_EEEEDaSF_
FNDA:0,_ZZN6rclcpp23AnySubscriptionCallbackIN8nav_msgs3msg9Odometry_ISaIvEEES4_E8dispatchESt10shared_ptrINS_17SerializedMessageEERKNS_11MessageInfoEENKUlOT_E_clIRSt8functionIFvS7_IS5_ESC_EEEEDaSE_
FNDA:0,_ZZN6rclcpp23AnySubscriptionCallbackIN8nav_msgs3msg9Odometry_ISaIvEEES4_E8dispatchESt10shared_ptrINS_17SerializedMessageEERKNS_11MessageInfoEENKUlOT_E_clIRSt8functionIFvRKS8_EEEEDaSE_
FNDA:0,_ZNK6rclcpp23AnySubscriptionCallbackIN8nav_msgs3msg9Odometry_ISaIvEEES4_E30is_serialized_message_callbackEv
FNDA:0,_ZN6rclcpp23AnySubscriptionCallbackIN8nav_msgs3msg9Odometry_ISaIvEEES4_E3setISt5_BindIFM12InspectorBotFvSt10shared_ptrIS5_EEPS9_St12_PlaceholderILi1EEEEEES6_T_
FNDA:0,_ZZN6rclcpp23AnySubscriptionCallbackIN8nav_msgs3msg9Odometry_ISaIvEEES4_E29register_callback_for_tracingEvENKUlOT_E_clIRSt8functionIFvSt10shared_ptrIKNS_17SerializedMessageEEEEEEDaS8_
FNDA:0,_ZZN6rclcpp23AnySubscriptionCallbackIN8nav_msgs3msg9Odometry_ISaIvEEES4_E8dispatchESt10shared_ptrIS5_ERKNS_11MessageInfoEENKUlOT_E_clIRSt8functionIFvS7_IKS5_ESB_EEEEDaSD_
FNDA:0,_ZZN6rclcpp23AnySubscriptionCallbackIN8nav_msgs3msg9Odometry_ISaIvEEES4_E22dispatch_intra_processESt10unique_ptrIS5_St14default_deleteIS5_EERKNS_11MessageInfoEENKUlOT_E_clIRSt8functionIFvRKNS_17SerializedMessageESD_EEEEDaSF_
FNDA:0,_ZZN6rclcpp23AnySubscriptionCallbackIN8nav_msgs3msg9Odometry_ISaIvEEES4_E22dispatch_intra_processESt10unique_ptrIS5_St14default_deleteIS5_EERKNS_11MessageInfoEENKUlOT_E_clIRSt8functionIFvRKSt10shared_ptrIKS5_ESD_EEEEDaSF_
FNDA:0,_ZZN6rclcpp23AnySubscriptionCallbackIN8nav_msgs3msg9Odometry_ISaIvEEES4_E22dispatch_intra_processESt10shared_ptrIKS5_ERKNS_11MessageInfoEENKUlOT_E_clIRSt8functionIFvSt10unique_ptrIS5_St14default_deleteIS5_EEEEEEDaSE_
FNDA:0,_ZZN6rclcpp23AnySubscriptionCallbackIN8nav_msgs3msg9Odometry_ISaIvEEES4_E8dispatchESt10shared_ptrIS5_ERKNS_11MessageInfoEENKUlOT_E_clIRSt8functionIFvRKS7_IKS5_EEEEEDaSD_
FNDA:0,_ZN6rclcpp23AnySubscriptionCallbackIN8nav_msgs3msg9Odometry_ISaIvEEES4_E22dispatch_intra_processESt10shared_ptrIKS5_ERKNS_11MessageInfoE
FNDA:0,_ZZN6rclcpp23AnySubscriptionCallbackIN8nav_msgs3msg9Odometry_ISaIvEEES4_E22dispatch_intra_processESt10unique_ptrIS5_St14default_deleteIS5_EERKNS_11MessageInfoEENKUlOT_E_clIRSt8functionIFvRKS5_SD_EEEEDaSF_
FNDA:0,_ZZN6rclcpp23AnySubscriptionCallbackIN8nav_msgs3msg9Odometry_ISaIvEEES4_E22dispatch_intra_processESt10unique_ptrIS5_St14default_deleteIS5_EERKNS_11MessageInfoEENKUlOT_E_clIRSt8functionIFvSt10shared_ptrIS5_ESD_EEEEDaSF_
FNDA:0,_ZZN6rclcpp23AnySubscriptionCallbackIN8nav_msgs3msg9Odometry_ISaIvEEES4_E8dispatchESt10shared_ptrINS_17SerializedMessageEERKNS_11MessageInfoEENKUlOT_E_clIRSt8functionIFvRKS7_IKS5_ESC_EEEEDaSE_
FNDA:0,_ZZN6rclcpp23AnySubscriptionCallbackIN8nav_msgs3msg9Odometry_ISaIvEEES4_E8dispatchESt10shared_ptrIS5_ERKNS_11MessageInfoEENKUlOT_E_clIRSt8functionIFvS8_EEEEDaSD_
FNDA:0,_ZZN6rclcpp23AnySubscriptionCallbackIN8nav_msgs3msg9Odometry_ISaIvEEES4_E22dispatch_intra_processESt10unique_ptrIS5_St14default_deleteIS5_EERKNS_11MessageInfoEENKUlOT_E_clIRSt8functionIFvSt10shared_ptrIKS5_EEEEEDaSF_
FNDA:0,_ZZN6rclcpp23AnySubscriptionCallbackIN8nav_msgs3msg9Odometry_ISaIvEEES4_E22dispatch_intra_processESt10shared_ptrIKS5_ERKNS_11MessageInfoEENKUlOT_E_clIRSt8functionIFvSt10unique_ptrINS_17SerializedMessageESt14default_deleteISJ_EEEEEEDaSE_
FNDA:0,_ZN6rclcpp23AnySubscriptionCallbackIN8nav_msgs3msg9Odometry_ISaIvEEES4_E49create_ros_unique_ptr_from_ros_shared_ptr_messageERKSt10shared_ptrIKS5_E
FNDA:0,_ZZN6rclcpp23AnySubscriptionCallbackIN8nav_msgs3msg9Odometry_ISaIvEEES4_E22dispatch_intra_processESt10shared_ptrIKS5_ERKNS_11MessageInfoEENKUlOT_E_clIRSt8functionIFvS9_EEEEDaSE_
FNDA:0,_ZZN6rclcpp23AnySubscriptionCallbackIN8nav_msgs3msg9Odometry_ISaIvEEES4_E22dispatch_intra_processESt10shared_ptrIKS5_ERKNS_11MessageInfoEENKUlOT_E_clIRSt8functionIFvRKS7_IKNS_17SerializedMessageEEEEEEDaSE_
FNDA:0,_ZZN6rclcpp23AnySubscriptionCallbackIN8nav_msgs3msg9Odometry_ISaIvEEES4_E22dispatch_intra_processESt10shared_ptrIKS5_ERKNS_11MessageInfoEENKUlOT_E_clIRSt8functionIFvRKNS_17SerializedMessageEEEEEDaSE_
FNDA:0,_ZZN6rclcpp23AnySubscriptionCallbackIN8nav_msgs3msg9Odometry_ISaIvEEES4_E8dispatchESt10shared_ptrIS5_ERKNS_11MessageInfoEENKUlOT_E_clIRSt8functionIFvRKS7_IKS5_ESB_EEEEDaSD_
FNDA:0,_ZZN6rclcpp23AnySubscriptionCallbackIN8nav_msgs3msg9Odometry_ISaIvEEES4_E22dispatch_intra_processESt10unique_ptrIS5_St14default_deleteIS5_EERKNS_11MessageInfoEENKUlOT_E_clIRSt8functionIFvRKNS_17SerializedMessageEEEEEDaSF_
FNDA:0,_ZZN6rclcpp23AnySubscriptionCallbackIN8nav_msgs3msg9Odometry_ISaIvEEES4_E8dispatchESt10shared_ptrIS5_ERKNS_11MessageInfoEENKUlOT_E_clIRSt8functionIFvRKS7_IKNS_17SerializedMessageEEEEEEDaSD_
FNDA:0,_ZZN6rclcpp23AnySubscriptionCallbackIN8nav_msgs3msg9Odometry_ISaIvEEES4_E22dispatch_intra_processESt10unique_ptrIS5_St14default_deleteIS5_EERKNS_11MessageInfoEENKUlOT_E_clIRSt8functionIFvRKSt10shared_ptrIKS5_EEEEEDaSF_
FNDA:0,_ZZN6rclcpp23AnySubscriptionCallbackIN8nav_msgs3msg9Odometry_ISaIvEEES4_E29register_callback_for_tracingEvENKUlOT_E_clIRSt8functionIFvSt10unique_ptrIS5_St14default_deleteIS5_EEEEEEDaS8_
FNDA:0,_ZZN6rclcpp23AnySubscriptionCallbackIN8nav_msgs3msg9Odometry_ISaIvEEES4_E22dispatch_intra_processESt10unique_ptrIS5_St14default_deleteIS5_EERKNS_11MessageInfoEENKUlOT_E_clIRSt8functionIFvSt10shared_ptrIKNS_17SerializedMessageEESD_EEEEDaSF_
FNDA:0,_ZZN6rclcpp23AnySubscriptionCallbackIN8nav_msgs3msg9Odometry_ISaIvEEES4_E29register_callback_for_tracingEvENKUlOT_E_clIRSt8functionIFvSt10shared_ptrINS_17SerializedMessageEEEEEEDaS8_
FNDA:0,_ZZN6rclcpp23AnySubscriptionCallbackIN8nav_msgs3msg9Odometry_ISaIvEEES4_E8dispatchESt10shared_ptrIS5_ERKNS_11MessageInfoEENKUlOT_E_clIRSt8functionIFvRKNS_17SerializedMessageESB_EEEEDaSD_
FNDA:0,_ZZN6rclcpp23AnySubscriptionCallbackIN8nav_msgs3msg9Odometry_ISaIvEEES4_E29register_callback_for_tracingEvENKUlOT_E_clIRSt8functionIFvSt10unique_ptrINS_17SerializedMessageESt14default_deleteISD_EEEEEEDaS8_
FNDA:0,_ZZN6rclcpp23AnySubscriptionCallbackIN8nav_msgs3msg9Odometry_ISaIvEEES4_E22dispatch_intra_processESt10shared_ptrIKS5_ERKNS_11MessageInfoEENKUlOT_E_clIRSt8functionIFvRS8_EEEEDaSE_
FNDA:0,_ZZN6rclcpp23AnySubscriptionCallbackIN8nav_msgs3msg9Odometry_ISaIvEEES4_E22dispatch_intra_processESt10shared_ptrIKS5_ERKNS_11MessageInfoEENKUlOT_E_clIRSt8functionIFvS7_IS5_ESC_EEEEDaSE_
FNDA:0,_ZZN6rclcpp23AnySubscriptionCallbackIN8nav_msgs3msg9Odometry_ISaIvEEES4_E22dispatch_intra_processESt10unique_ptrIS5_St14default_deleteIS5_EERKNS_11MessageInfoEENKUlOT_E_clIRSt8functionIFvRKSt10shared_ptrIKNS_17SerializedMessageEESD_EEEEDaSF_
FNDA:0,_ZZN6rclcpp23AnySubscriptionCallbackIN8nav_msgs3msg9Odometry_ISaIvEEES4_E8dispatchESt10shared_ptrINS_17SerializedMessageEERKNS_11MessageInfoEENKUlOT_E_clIRSt8functionIFvRKS7_IKS8_ESC_EEEEDaSE_
FNDA:0,_ZZN6rclcpp23AnySubscriptionCallbackIN8nav_msgs3msg9Odometry_ISaIvEEES4_E8dispatchESt10shared_ptrINS_17SerializedMessageEERKNS_11MessageInfoEENKUlOT_E_clIRSt8functionIFvSt10unique_ptrIS8_St14default_deleteIS8_EESC_EEEEDaSE_
FNDA:0,_ZZN6rclcpp23AnySubscriptionCallbackIN8nav_msgs3msg9Odometry_ISaIvEEES4_E22dispatch_intra_processESt10shared_ptrIKS5_ERKNS_11MessageInfoEENKUlOT_E_clIRSt8functionIFvS7_IKNS_17SerializedMessageEESC_EEEEDaSE_
FNDA:0,_ZZN6rclcpp23AnySubscriptionCallbackIN8nav_msgs3msg9Odometry_ISaIvEEES4_E29register_callback_for_tracingEvENKUlOT_E_clIRSt8functionIFvRKSt10shared_ptrIKS5_EEEEEDaS8_
FNDA:0,_ZZN6rclcpp23AnySubscriptionCallbackIN8nav_msgs3msg9Odometry_ISaIvEEES4_E8dispatchESt10shared_ptrINS_17SerializedMessageEERKNS_11MessageInfoEENKUlOT_E_clIRSt8functionIFvS7_IS5_EEEEEDaSE_
FNDA:0,_ZZN6rclcpp23AnySubscriptionCallbackIN8nav_msgs3msg9Odometry_ISaIvEEES4_E22dispatch_intra_processESt10shared_ptrIKS5_ERKNS_11MessageInfoEENKUlOT_E_clIRSt8functionIFvRKS9_SC_EEEEDaSE_
FNDA:0,_ZN6rclcpp23AnySubscriptionCallbackIN8nav_msgs3msg9Odometry_ISaIvEEES4_E14set_deprecatedIS5_EEvSt8functionIFvSt10shared_ptrIT_EEE
FNDA:0,_ZZN6rclcpp23AnySubscriptionCallbackIN8nav_msgs3msg9Odometry_ISaIvEEES4_E22dispatch_intra_processESt10shared_ptrIKS5_ERKNS_11MessageInfoEENKUlOT_E_clIRSt8functionIFvRS8_SC_EEEEDaSE_
FNDA:0,_ZN6rclcpp23AnySubscriptionCallbackIN8nav_msgs3msg9Odometry_ISaIvEEES4_E29register_callback_for_tracingEv
FNDA:0,_ZZN6rclcpp23AnySubscriptionCallbackIN8nav_msgs3msg9Odometry_ISaIvEEES4_E22dispatch_intra_processESt10unique_ptrIS5_St14default_deleteIS5_EERKNS_11MessageInfoEENKUlOT_E_clIRSt8functionIFvSt10shared_ptrIKNS_17SerializedMessageEEEEEEDaSF_
FNDA:0,_ZZN6rclcpp23AnySubscriptionCallbackIN8nav_msgs3msg9Odometry_ISaIvEEES4_E22dispatch_intra_processESt10shared_ptrIKS5_ERKNS_11MessageInfoEENKUlOT_E_clIRSt8functionIFvRKS7_IKNS_17SerializedMessageEESC_EEEEDaSE_
FNDA:0,_ZZN6rclcpp23AnySubscriptionCallbackIN8nav_msgs3msg9Odometry_ISaIvEEES4_E29register_callback_for_tracingEvENKUlOT_E_clIRSt8functionIFvRKS5_RKNS_11MessageInfoEEEEEDaS8_
FNDA:0,_ZZN6rclcpp23AnySubscriptionCallbackIN8nav_msgs3msg9Odometry_ISaIvEEES4_E29register_callback_for_tracingEvENKUlOT_E_clIRSt8functionIFvRKNS_17SerializedMessageERKNS_11MessageInfoEEEEEDaS8_
FNDA:0,_ZZN6rclcpp23AnySubscriptionCallbackIN8nav_msgs3msg9Odometry_ISaIvEEES4_E29register_callback_for_tracingEvENKUlOT_E_clIRSt8functionIFvSt10shared_ptrIS5_EEEEEDaS8_
FNDA:0,_ZZN6rclcpp23AnySubscriptionCallbackIN8nav_msgs3msg9Odometry_ISaIvEEES4_E8dispatchESt10shared_ptrIS5_ERKNS_11MessageInfoEENKUlOT_E_clIRSt8functionIFvSt10unique_ptrIS5_St14default_deleteIS5_EESB_EEEEDaSD_
FNDA:0,_ZZN6rclcpp23AnySubscriptionCallbackIN8nav_msgs3msg9Odometry_ISaIvEEES4_E8dispatchESt10shared_ptrINS_17SerializedMessageEERKNS_11MessageInfoEENKUlOT_E_clIRSt8functionIFvS7_IKS5_EEEEEDaSE_
FNDA:0,_ZZN6rclcpp23AnySubscriptionCallbackIN8nav_msgs3msg9Odometry_ISaIvEEES4_E8dispatchESt10shared_ptrINS_17SerializedMessageEERKNS_11MessageInfoEENKUlOT_E_clIRSt8functionIFvRKS8_SC_EEEEDaSE_
FNDA:0,_ZZN6rclcpp23AnySubscriptionCallbackIN8nav_msgs3msg9Odometry_ISaIvEEES4_E29register_callback_for_tracingEvENKUlOT_E_clIRSt8functionIFvSt10shared_ptrIKS5_EEEEEDaS8_
FNDA:0,_ZZN6rclcpp23AnySubscriptionCallbackIN8nav_msgs3msg9Odometry_ISaIvEEES4_E22dispatch_intra_processESt10shared_ptrIKS5_ERKNS_11MessageInfoEENKUlOT_E_clIRSt8functionIFvSt10unique_ptrINS_17SerializedMessageESt14default_deleteISJ_EESC_EEEEDaSE_
FNDA:0,_ZZN6rclcpp23AnySubscriptionCallbackIN8nav_msgs3msg9Odometry_ISaIvEEES4_E8dispatchESt10shared_ptrIS5_ERKNS_11MessageInfoEENKUlOT_E_clIRSt8functionIFvRKNS_17SerializedMessageEEEEEDaSD_
FNDA:0,_ZN6rclcpp23AnySubscriptionCallbackIN8nav_msgs3msg9Odometry_ISaIvEEES4_EC2ERKS6_
FNDA:0,_ZZN6rclcpp23AnySubscriptionCallbackIN8nav_msgs3msg9Odometry_ISaIvEEES4_E8dispatchESt10shared_ptrIS5_ERKNS_11MessageInfoEENKUlOT_E_clIRSt8functionIFvS7_INS_17SerializedMessageEESB_EEEEDaSD_
FNDA:0,_ZZN6rclcpp23AnySubscriptionCallbackIN8nav_msgs3msg9Odometry_ISaIvEEES4_E29register_callback_for_tracingEvENKUlOT_E_clIRSt8functionIFvSt10shared_ptrINS_17SerializedMessageEERKNS_11MessageInfoEEEEEDaS8_
FNDA:0,_ZZN6rclcpp23AnySubscriptionCallbackIN8nav_msgs3msg9Odometry_ISaIvEEES4_E29register_callback_for_tracingEvENKUlOT_E_clIRSt8functionIFvRKSt10shared_ptrIKS5_ERKNS_11MessageInfoEEEEEDaS8_
FNDA:0,_ZZN6rclcpp23AnySubscriptionCallbackIN8nav_msgs3msg9Odometry_ISaIvEEES4_E8dispatchESt10shared_ptrINS_17SerializedMessageEERKNS_11MessageInfoEENKUlOT_E_clIRSt8functionIFvRKS5_SC_EEEEDaSE_
FNDA:0,_ZZN6rclcpp23AnySubscriptionCallbackIN8nav_msgs3msg9Odometry_ISaIvEEES4_E8dispatchESt10shared_ptrIS5_ERKNS_11MessageInfoEENKUlOT_E_clIRSt8functionIFvRKS7_IKNS_17SerializedMessageEESB_EEEEDaSD_
FNDA:0,_ZZN6rclcpp23AnySubscriptionCallbackIN8nav_msgs3msg9Odometry_ISaIvEEES4_E8dispatchESt10shared_ptrIS5_ERKNS_11MessageInfoEENKUlOT_E_clIRSt8functionIFvSt10unique_ptrIS5_St14default_deleteIS5_EEEEEEDaSD_
FNDA:0,_ZZN6rclcpp23AnySubscriptionCallbackIN8nav_msgs3msg9Odometry_ISaIvEEES4_E29register_callback_for_tracingEvENKUlOT_E_clIRSt8functionIFvSt10shared_ptrIS5_ERKNS_11MessageInfoEEEEEDaS8_
FNDA:0,_ZZN6rclcpp23AnySubscriptionCallbackIN8nav_msgs3msg9Odometry_ISaIvEEES4_E8dispatchESt10shared_ptrINS_17SerializedMessageEERKNS_11MessageInfoEENKUlOT_E_clIRSt8functionIFvS7_IKS8_EEEEEDaSE_
FNDA:0,_ZZN6rclcpp23AnySubscriptionCallbackIN8nav_msgs3msg9Odometry_ISaIvEEES4_E8dispatchESt10shared_ptrINS_17SerializedMessageEERKNS_11MessageInfoEENKUlOT_E_clIRSt8functionIFvS7_IKS8_ESC_EEEEDaSE_
FNDA:0,_ZZN6rclcpp23AnySubscriptionCallbackIN8nav_msgs3msg9Odometry_ISaIvEEES4_E22dispatch_intra_processESt10unique_ptrIS5_St14default_deleteIS5_EERKNS_11MessageInfoEENKUlOT_E_clIRSt8functionIFvS7_INS_17SerializedMessageES8_ISJ_EESD_EEEEDaSF_
FNDA:0,_ZZN6rclcpp23AnySubscriptionCallbackIN8nav_msgs3msg9Odometry_ISaIvEEES4_E22dispatch_intra_processESt10shared_ptrIKS5_ERKNS_11MessageInfoEENKUlOT_E_clIRSt8functionIFvRKS9_EEEEDaSE_
FNDA:0,_ZZN6rclcpp23AnySubscriptionCallbackIN8nav_msgs3msg9Odometry_ISaIvEEES4_E8dispatchESt10shared_ptrIS5_ERKNS_11MessageInfoEENKUlOT_E_clIRSt8functionIFvS7_IKNS_17SerializedMessageEESB_EEEEDaSD_
FNDA:0,_ZZN6rclcpp23AnySubscriptionCallbackIN8nav_msgs3msg9Odometry_ISaIvEEES4_E22dispatch_intra_processESt10shared_ptrIKS5_ERKNS_11MessageInfoEENKUlOT_E_clIRSt8functionIFvS7_IS5_EEEEEDaSE_
FNDA:0,_ZZN6rclcpp23AnySubscriptionCallbackIN8nav_msgs3msg9Odometry_ISaIvEEES4_E8dispatchESt10shared_ptrIS5_ERKNS_11MessageInfoEENKUlOT_E_clIRSt8functionIFvS7_INS_17SerializedMessageEEEEEEDaSD_
FNDA:0,_ZZN6rclcpp23AnySubscriptionCallbackIN8nav_msgs3msg9Odometry_ISaIvEEES4_E8dispatchESt10shared_ptrIS5_ERKNS_11MessageInfoEENKUlOT_E_clIRSt8functionIFvRKS5_SB_EEEEDaSD_
FNDA:0,_ZZN6rclcpp23AnySubscriptionCallbackIN8nav_msgs3msg9Odometry_ISaIvEEES4_E8dispatchESt10shared_ptrINS_17SerializedMessageEERKNS_11MessageInfoEENKUlOT_E_clIRSt8functionIFvS7_IKS5_ESC_EEEEDaSE_
FNDA:0,_ZZN6rclcpp23AnySubscriptionCallbackIN8nav_msgs3msg9Odometry_ISaIvEEES4_E8dispatchESt10shared_ptrINS_17SerializedMessageEERKNS_11MessageInfoEENKUlOT_E_clIRSt8functionIFvS9_EEEEDaSE_
FNDA:0,_ZZN6rclcpp23AnySubscriptionCallbackIN8nav_msgs3msg9Odometry_ISaIvEEES4_E22dispatch_intra_processESt10shared_ptrIKS5_ERKNS_11MessageInfoEENKUlOT_E_clIRSt8functionIFvS7_INS_17SerializedMessageEEEEEEDaSE_
FNDA:0,_ZZN6rclcpp23AnySubscriptionCallbackIN8nav_msgs3msg9Odometry_ISaIvEEES4_E22dispatch_intra_processESt10shared_ptrIKS5_ERKNS_11MessageInfoEENKUlOT_E_clIRSt8functionIFvS7_IKNS_17SerializedMessageEEEEEEDaSE_
FNDA:0,_ZZN6rclcpp23AnySubscriptionCallbackIN8nav_msgs3msg9Odometry_ISaIvEEES4_E22dispatch_intra_processESt10shared_ptrIKS5_ERKNS_11MessageInfoEENKUlOT_E_clIRSt8functionIFvRKNS_17SerializedMessageESC_EEEEDaSE_
FNDA:0,_ZZN6rclcpp23AnySubscriptionCallbackIN8nav_msgs3msg9Odometry_ISaIvEEES4_E22dispatch_intra_processESt10shared_ptrIKS5_ERKNS_11MessageInfoEENKUlOT_E_clIRSt8functionIFvSt10unique_ptrIS5_St14default_deleteIS5_EESC_EEEEDaSE_
FNDA:0,_ZZN6rclcpp23AnySubscriptionCallbackIN8nav_msgs3msg9Odometry_ISaIvEEES4_E8dispatchESt10shared_ptrINS_17SerializedMessageEERKNS_11MessageInfoEENKUlOT_E_clIRSt8functionIFvRKS5_EEEEDaSE_
FNDA:0,_ZZN6rclcpp23AnySubscriptionCallbackIN8nav_msgs3msg9Odometry_ISaIvEEES4_E22dispatch_intra_processESt10unique_ptrIS5_St14default_deleteIS5_EERKNS_11MessageInfoEENKUlOT_E_clIRSt8functionIFvSt10shared_ptrIS5_EEEEEDaSF_
FNDA:0,_ZZN6rclcpp23AnySubscriptionCallbackIN8nav_msgs3msg9Odometry_ISaIvEEES4_E22dispatch_intra_processESt10shared_ptrIKS5_ERKNS_11MessageInfoEENKUlOT_E_clIRSt8functionIFvS7_INS_17SerializedMessageEESC_EEEEDaSE_
FNDA:0,_ZN6rclcpp23AnySubscriptionCallbackIN8nav_msgs3msg9Odometry_ISaIvEEES4_E8dispatchESt10shared_ptrIS5_ERKNS_11MessageInfoE
FNDA:0,_ZZN6rclcpp23AnySubscriptionCallbackIN8nav_msgs3msg9Odometry_ISaIvEEES4_E8dispatchESt10shared_ptrINS_17SerializedMessageEERKNS_11MessageInfoEENKUlOT_E_clIRSt8functionIFvSt10unique_ptrIS8_St14default_deleteIS8_EEEEEEDaSE_
FNDA:0,_ZZN6rclcpp23AnySubscriptionCallbackIN8nav_msgs3msg9Odometry_ISaIvEEES4_E8dispatchESt10shared_ptrIS5_ERKNS_11MessageInfoEENKUlOT_E_clIRSt8functionIFvSt10unique_ptrINS_17SerializedMessageESt14default_deleteISI_EESB_EEEEDaSD_
FNDA:0,_ZZN6rclcpp23AnySubscriptionCallbackIN8nav_msgs3msg9Odometry_ISaIvEEES4_E29register_callback_for_tracingEvENKUlOT_E_clIRSt8functionIFvSt10shared_ptrIKNS_17SerializedMessageEERKNS_11MessageInfoEEEEEDaS8_
FNDA:0,_ZZN6rclcpp23AnySubscriptionCallbackIN8nav_msgs3msg9Odometry_ISaIvEEES4_E8dispatchESt10shared_ptrIS5_ERKNS_11MessageInfoEENKUlOT_E_clIRSt8functionIFvRKS5_EEEEDaSD_
FNDA:0,_ZZN6rclcpp23AnySubscriptionCallbackIN8nav_msgs3msg9Odometry_ISaIvEEES4_E29register_callback_for_tracingEvENKUlOT_E_clIRSt8functionIFvSt10unique_ptrIS5_St14default_deleteIS5_EERKNS_11MessageInfoEEEEEDaS8_
FNDA:0,_ZN6rclcpp23AnySubscriptionCallbackIN8nav_msgs3msg9Odometry_ISaIvEEES4_E52create_serialized_message_unique_ptr_from_shared_ptrERKSt10shared_ptrIKNS_17SerializedMessageEE
FNDA:0,_ZZN6rclcpp23AnySubscriptionCallbackIN8nav_msgs3msg9Odometry_ISaIvEEES4_E8dispatchESt10shared_ptrINS_17SerializedMessageEERKNS_11MessageInfoEENKUlOT_E_clIRSt8functionIFvSt10unique_ptrIS5_St14default_deleteIS5_EESC_EEEEDaSE_
FNDA:0,_ZZN6rclcpp23AnySubscriptionCallbackIN8nav_msgs3msg9Odometry_ISaIvEEES4_E8dispatchESt10shared_ptrINS_17SerializedMessageEERKNS_11MessageInfoEENKUlOT_E_clIRSt8functionIFvSt10unique_ptrIS5_St14default_deleteIS5_EEEEEEDaSE_
FNDA:0,_ZN6rclcpp23AnySubscriptionCallbackIN8nav_msgs3msg9Odometry_ISaIvEEES4_EC2ERKS4_
FNDA:0,_ZZN6rclcpp23AnySubscriptionCallbackIN8nav_msgs3msg9Odometry_ISaIvEEES4_E29register_callback_for_tracingEvENKUlOT_E_clIRSt8functionIFvSt10unique_ptrINS_17SerializedMessageESt14default_deleteISD_EERKNS_11MessageInfoEEEEEDaS8_
FNDA:0,_ZZN6rclcpp23AnySubscriptionCallbackIN8nav_msgs3msg9Odometry_ISaIvEEES4_E29register_callback_for_tracingEvENKUlOT_E_clIRSt8functionIFvSt10shared_ptrIKS5_ERKNS_11MessageInfoEEEEEDaS8_
FNDA:0,_ZZN6rclcpp23AnySubscriptionCallbackIN8nav_msgs3msg9Odometry_ISaIvEEES4_E8dispatchESt10shared_ptrIS5_ERKNS_11MessageInfoEENKUlOT_E_clIRSt8functionIFvS8_SB_EEEEDaSD_
FNDA:0,_ZZN6rclcpp23AnySubscriptionCallbackIN8nav_msgs3msg9Odometry_ISaIvEEES4_E8dispatchESt10shared_ptrINS_17SerializedMessageEERKNS_11MessageInfoEENKUlOT_E_clIRSt8functionIFvS9_SC_EEEEDaSE_
FNDA:0,_ZZN6rclcpp23AnySubscriptionCallbackIN8nav_msgs3msg9Odometry_ISaIvEEES4_E8dispatchESt10shared_ptrIS5_ERKNS_11MessageInfoEENKUlOT_E_clIRSt8functionIFvS7_IKS5_EEEEEDaSD_
FNDA:0,_ZZN6rclcpp23AnySubscriptionCallbackIN8nav_msgs3msg9Odometry_ISaIvEEES4_E22dispatch_intra_processESt10unique_ptrIS5_St14default_deleteIS5_EERKNS_11MessageInfoEENKUlOT_E_clIRSt8functionIFvSA_SD_EEEEDaSF_
FNDA:0,_ZZN6rclcpp23AnySubscriptionCallbackIN8nav_msgs3msg9Odometry_ISaIvEEES4_E8dispatchESt10shared_ptrINS_17SerializedMessageEERKNS_11MessageInfoEENKUlOT_E_clIRSt8functionIFvRKS7_IKS8_EEEEEDaSE_
FNDA:0,_ZZN6rclcpp23AnySubscriptionCallbackIN8nav_msgs3msg9Odometry_ISaIvEEES4_E22dispatch_intra_processESt10unique_ptrIS5_St14default_deleteIS5_EERKNS_11MessageInfoEENKUlOT_E_clIRSt8functionIFvS7_INS_17SerializedMessageES8_ISJ_EEEEEEDaSF_
FNDA:0,_ZZN6rclcpp23AnySubscriptionCallbackIN8nav_msgs3msg9Odometry_ISaIvEEES4_E29register_callback_for_tracingEvENKUlOT_E_clIRSt8functionIFvRKNS_17SerializedMessageEEEEEDaS8_
FNDA:0,_ZZN6rclcpp23AnySubscriptionCallbackIN8nav_msgs3msg9Odometry_ISaIvEEES4_E29register_callback_for_tracingEvENKUlOT_E_clIRSt8functionIFvRKSt10shared_ptrIKNS_17SerializedMessageEEEEEEDaS8_
FNDA:0,_ZN6rclcpp23AnySubscriptionCallbackIN8nav_msgs3msg9Odometry_ISaIvEEES4_E22dispatch_intra_processESt10unique_ptrIS5_St14default_deleteIS5_EERKNS_11MessageInfoE
FNF:113
FNH:0
DA:349,0
DA:350,0
DA:351,0
DA:353,0
DA:354,0
DA:355,0
DA:357,0
DA:367,0
DA:376,0
DA:391,0
DA:398,0
DA:408,0
DA:410,0
DA:411,0
DA:428,0
DA:431,0
DA:432,0
DA:433,0
DA:437,0
DA:440,0
DA:441,0
DA:442,0
DA:446,0
DA:491,0
DA:495,0
DA:497,0
DA:498,0
DA:500,0
DA:504,0
DA:505,0
DA:544,0
DA:546,0
DA:548,0
DA:550,0
DA:556,0
DA:562,0
DA:577,0
DA:585,0
DA:586,0
DA:587,0
DA:591,0
DA:595,0
DA:597,0
DA:598,0
DA:600,0
DA:604,0
DA:605,0
DA:610,0
DA:612,0
DA:614,0
DA:616,0
DA:624,0
DA:630,0
DA:657,0
DA:665,0
DA:666,0
DA:667,0
DA:670,0
DA:674,0
DA:676,0
DA:677,0
DA:679,0
DA:683,0
DA:684,0
DA:728,0
DA:735,0
DA:744,0
DA:753,0
DA:762,0
DA:771,0
DA:787,0
DA:795,0
DA:796,0
DA:797,0
DA:800,0
DA:804,0
DA:806,0
DA:807,0
DA:809,0
DA:813,0
DA:814,0
DA:862,0
DA:869,0
DA:878,0
DA:887,0
DA:896,0
DA:905,0
DA:921,0
DA:929,0
DA:930,0
DA:931,0
DA:935,0
DA:938,0
DA:939,0
DA:940,0
DA:941,0
DA:946,0
DA:949,0
DA:950,0
DA:951,0
DA:952,0
DA:953,0
DA:957,0
DA:960,0
DA:961,0
DA:962,0
DA:966,0
DA:968,0
LF:108
LH:0
end_of_record
TN:
SF:/opt/ros/humble/include/rclcpp/rclcpp/context.hpp
FN:328,_ZN6rclcpp7Context15get_sub_contextINS_12experimental19IntraProcessManagerEJEEESt10shared_ptrIT_EDpOT0_
FN:339,_ZZN6rclcpp7Context15get_sub_contextINS_12experimental19IntraProcessManagerEJEEESt10shared_ptrIT_EDpOT0_ENKUlPS3_E_clESA_
FNDA:0,_ZN6rclcpp7Context15get_sub_contextINS_12experimental19IntraProcessManagerEJEEESt10shared_ptrIT_EDpOT0_
FNDA:0,_ZZN6rclcpp7Context15get_sub_contextINS_12experimental19IntraProcessManagerEJEEESt10shared_ptrIT_EDpOT0_ENKUlPS3_E_clESA_
FNF:2
FNH:0
DA:328,0
DA:330,0
DA:332,0
DA:333,0
DA:334,0
DA:335,0
DA:337,0
DA:338,0
DA:339,0
DA:340,0
DA:342,0
DA:345,0
DA:347,0
DA:348,0
LF:14
LH:0
end_of_record
TN:
SF:/opt/ros/humble/include/rclcpp/rclcpp/create_publisher.hpp
FN:46,_ZN6rclcpp6detail16create_publisherIN15statistics_msgs3msg15MetricsMessage_ISaIvEEES5_NS_9PublisherIS6_S5_EENS_4NodeESt10shared_ptrINS_15node_interfaces19NodeTopicsInterfaceEEEESA_IT1_ERT2_RT3_RKNSt7__cxx1112basic_stringIcSt11char_traitsIcESaIcEEERKNS_3QoSERKNS_29PublisherOptionsWithAllocatorIT0_EE
FN:46,_ZN6rclcpp6detail16create_publisherIN13geometry_msgs3msg6Twist_ISaIvEEES5_NS_9PublisherIS6_S5_EENS_4NodeES9_EESt10shared_ptrIT1_ERT2_RT3_RKNSt7__cxx1112basic_stringIcSt11char_traitsIcESaIcEEERKNS_3QoSERKNS_29PublisherOptionsWithAllocatorIT0_EE
FN:46,_ZN6rclcpp6detail16create_publisherIN13geometry_msgs3msg12PoseStamped_ISaIvEEES5_NS_9PublisherIS6_S5_EENS_4NodeES9_EESt10shared_ptrIT1_ERT2_RT3_RKNSt7__cxx1112basic_stringIcSt11char_traitsIcESaIcEEERKNS_3QoSERKNS_29PublisherOptionsWithAllocatorIT0_EE
FN:94,_ZN6rclcpp16create_publisherIN13geometry_msgs3msg6Twist_ISaIvEEES4_NS_9PublisherIS5_S4_EERNS_4NodeEEESt10shared_ptrIT1_EOT2_RKNSt7__cxx1112basic_stringIcSt11char_traitsIcESaIcEEERKNS_3QoSERKNS_29PublisherOptionsWithAllocatorIT0_EE
FN:94,_ZN6rclcpp16create_publisherIN13geometry_msgs3msg12PoseStamped_ISaIvEEES4_NS_9PublisherIS5_S4_EERNS_4NodeEEESt10shared_ptrIT1_EOT2_RKNSt7__cxx1112basic_stringIcSt11char_traitsIcESaIcEEERKNS_3QoSERKNS_29PublisherOptionsWithAllocatorIT0_EE
FNDA:0,_ZN6rclcpp6detail16create_publisherIN13geometry_msgs3msg6Twist_ISaIvEEES5_NS_9PublisherIS6_S5_EENS_4NodeES9_EESt10shared_ptrIT1_ERT2_RT3_RKNSt7__cxx1112basic_stringIcSt11char_traitsIcESaIcEEERKNS_3QoSERKNS_29PublisherOptionsWithAllocatorIT0_EE
FNDA:0,_ZN6rclcpp16create_publisherIN13geometry_msgs3msg12PoseStamped_ISaIvEEES4_NS_9PublisherIS5_S4_EERNS_4NodeEEESt10shared_ptrIT1_EOT2_RKNSt7__cxx1112basic_stringIcSt11char_traitsIcESaIcEEERKNS_3QoSERKNS_29PublisherOptionsWithAllocatorIT0_EE
FNDA:0,_ZN6rclcpp6detail16create_publisherIN13geometry_msgs3msg12PoseStamped_ISaIvEEES5_NS_9PublisherIS6_S5_EENS_4NodeES9_EESt10shared_ptrIT1_ERT2_RT3_RKNSt7__cxx1112basic_stringIcSt11char_traitsIcESaIcEEERKNS_3QoSERKNS_29PublisherOptionsWithAllocatorIT0_EE
FNDA:0,_ZN6rclcpp16create_publisherIN13geometry_msgs3msg6Twist_ISaIvEEES4_NS_9PublisherIS5_S4_EERNS_4NodeEEESt10shared_ptrIT1_EOT2_RKNSt7__cxx1112basic_stringIcSt11char_traitsIcESaIcEEERKNS_3QoSERKNS_29PublisherOptionsWithAllocatorIT0_EE
FNDA:0,_ZN6rclcpp6detail16create_publisherIN15statistics_msgs3msg15MetricsMessage_ISaIvEEES5_NS_9PublisherIS6_S5_EENS_4NodeESt10shared_ptrINS_15node_interfaces19NodeTopicsInterfaceEEEESA_IT1_ERT2_RT3_RKNSt7__cxx1112basic_stringIcSt11char_traitsIcESaIcEEERKNS_3QoSERKNS_29PublisherOptionsWithAllocatorIT0_EE
FNF:5
FNH:0
DA:46,0
DA:56,0
DA:57,0
DA:58,0
DA:59,0
DA:60,0
DA:65,0
DA:72,0
DA:74,0
DA:75,0
DA:94,0
DA:104,0
LF:12
LH:0
end_of_record
TN:
SF:/opt/ros/humble/include/rclcpp/rclcpp/create_subscription.hpp
FN:56,_ZN6rclcpp6detail19create_subscriptionIN8nav_msgs3msg9Odometry_ISaIvEEESt5_BindIFM12InspectorBotFvSt10shared_ptrIS6_EEPS8_St12_PlaceholderILi1EEEES5_NS_12SubscriptionIS6_S5_S6_S6_NS_23message_memory_strategy21MessageMemoryStrategyIS6_S5_EEEESL_NS_4NodeESN_S6_EES9_IT2_ERT4_RT5_RKNSt7__cxx1112basic_stringIcSt11char_traitsIcESaIcEEERKNS_3QoSEOT0_RKNS_32SubscriptionOptionsWithAllocatorIT1_EENT3_9SharedPtrE
FN:101,_ZZN6rclcpp6detail19create_subscriptionIN8nav_msgs3msg9Odometry_ISaIvEEESt5_BindIFM12InspectorBotFvSt10shared_ptrIS6_EEPS8_St12_PlaceholderILi1EEEES5_NS_12SubscriptionIS6_S5_S6_S6_NS_23message_memory_strategy21MessageMemoryStrategyIS6_S5_EEEESL_NS_4NodeESN_S6_EES9_IT2_ERT4_RT5_RKNSt7__cxx1112basic_stringIcSt11char_traitsIcESaIcEEERKNS_3QoSEOT0_RKNS_32SubscriptionOptionsWithAllocatorIT1_EENT3_9SharedPtrEENKUlvE_clEv
FN:177,_ZN6rclcpp19create_subscriptionIN8nav_msgs3msg9Odometry_ISaIvEEESt5_BindIFM12InspectorBotFvSt10shared_ptrIS5_EEPS7_St12_PlaceholderILi1EEEES4_NS_12SubscriptionIS5_S4_S5_S5_NS_23message_memory_strategy21MessageMemoryStrategyIS5_S4_EEEESK_NS_4NodeEEES8_IT2_ERT4_RKNSt7__cxx1112basic_stringIcSt11char_traitsIcESaIcEEERKNS_3QoSEOT0_RKNS_32SubscriptionOptionsWithAllocatorIT1_EENT3_9SharedPtrE
FNDA:0,_ZN6rclcpp6detail19create_subscriptionIN8nav_msgs3msg9Odometry_ISaIvEEESt5_BindIFM12InspectorBotFvSt10shared_ptrIS6_EEPS8_St12_PlaceholderILi1EEEES5_NS_12SubscriptionIS6_S5_S6_S6_NS_23message_memory_strategy21MessageMemoryStrategyIS6_S5_EEEESL_NS_4NodeESN_S6_EES9_IT2_ERT4_RT5_RKNSt7__cxx1112basic_stringIcSt11char_traitsIcESaIcEEERKNS_3QoSEOT0_RKNS_32SubscriptionOptionsWithAllocatorIT1_EENT3_9SharedPtrE
FNDA:0,_ZZN6rclcpp6detail19create_subscriptionIN8nav_msgs3msg9Odometry_ISaIvEEESt5_BindIFM12InspectorBotFvSt10shared_ptrIS6_EEPS8_St12_PlaceholderILi1EEEES5_NS_12SubscriptionIS6_S5_S6_S6_NS_23message_memory_strategy21MessageMemoryStrategyIS6_S5_EEEESL_NS_4NodeESN_S6_EES9_IT2_ERT4_RT5_RKNSt7__cxx1112basic_stringIcSt11char_traitsIcESaIcEEERKNS_3QoSEOT0_RKNS_32SubscriptionOptionsWithAllocatorIT1_EENT3_9SharedPtrEENKUlvE_clEv
FNDA:0,_ZN6rclcpp19create_subscriptionIN8nav_msgs3msg9Odometry_ISaIvEEESt5_BindIFM12InspectorBotFvSt10shared_ptrIS5_EEPS7_St12_PlaceholderILi1EEEES4_NS_12SubscriptionIS5_S4_S5_S5_NS_23message_memory_strategy21MessageMemoryStrategyIS5_S4_EEEESK_NS_4NodeEEES8_IT2_ERT4_RKNSt7__cxx1112basic_stringIcSt11char_traitsIcESaIcEEERKNS_3QoSEOT0_RKNS_32SubscriptionOptionsWithAllocatorIT1_EENT3_9SharedPtrE
FNF:3
FNH:0
DA:56,0
DA:71,0
DA:74,0
DA:76,0
DA:78,0
DA:80,0
DA:81,0
DA:88,0
DA:91,0
DA:94,0
DA:96,0
DA:100,0
DA:101,0
DA:102,0
DA:103,0
DA:104,0
DA:106,0
DA:108,0
DA:110,0
DA:112,0
DA:114,0
DA:115,0
DA:119,0
DA:120,0
DA:122,0
DA:129,0
DA:130,0
DA:131,0
DA:132,0
DA:136,0
DA:137,0
DA:139,0
DA:140,0
DA:177,0
DA:192,0
LF:35
LH:0
end_of_record
TN:
SF:/opt/ros/humble/include/rclcpp/rclcpp/create_timer.hpp
FN:90,_ZN6rclcpp17create_wall_timerIlSt5ratioILl1ELl1000000000EEZNS_6detail19create_subscriptionIN8nav_msgs3msg9Odometry_ISaIvEEESt5_BindIFM12InspectorBotFvSt10shared_ptrIS9_EEPSB_St12_PlaceholderILi1EEEES8_NS_12SubscriptionIS9_S8_S9_S9_NS_23message_memory_strategy21MessageMemoryStrategyIS9_S8_EEEESO_NS_4NodeESQ_S9_EESC_IT2_ERT4_RT5_RKNSt7__cxx1112basic_stringIcSt11char_traitsIcESaIcEEERKNS_3QoSEOT0_RKNS_32SubscriptionOptionsWithAllocatorIT1_EENT3_9SharedPtrEEUlvE_EENS_9WallTimerIS1B_XLDnEEE9SharedPtrENSt6chrono8durationIT_S18_EES1B_SC_INS_13CallbackGroupEEPNS_15node_interfaces17NodeBaseInterfaceEPNS1R_19NodeTimersInterfaceE
FNDA:0,_ZN6rclcpp17create_wall_timerIlSt5ratioILl1ELl1000000000EEZNS_6detail19create_subscriptionIN8nav_msgs3msg9Odometry_ISaIvEEESt5_BindIFM12InspectorBotFvSt10shared_ptrIS9_EEPSB_St12_PlaceholderILi1EEEES8_NS_12SubscriptionIS9_S8_S9_S9_NS_23message_memory_strategy21MessageMemoryStrategyIS9_S8_EEEESO_NS_4NodeESQ_S9_EESC_IT2_ERT4_RT5_RKNSt7__cxx1112basic_stringIcSt11char_traitsIcESaIcEEERKNS_3QoSEOT0_RKNS_32SubscriptionOptionsWithAllocatorIT1_EENT3_9SharedPtrEEUlvE_EENS_9WallTimerIS1B_XLDnEEE9SharedPtrENSt6chrono8durationIT_S18_EES1B_SC_INS_13CallbackGroupEEPNS_15node_interfaces17NodeBaseInterfaceEPNS1R_19NodeTimersInterfaceE
FNF:1
FNH:0
DA:90,0
DA:97,0
DA:98,0
DA:101,0
DA:102,0
DA:105,0
DA:106,0
DA:111,0
DA:121,0
DA:124,0
DA:125,0
DA:129,0
DA:130,0
DA:131,0
DA:135,0
DA:136,0
DA:137,0
DA:138,0
DA:139,0
LF:19
LH:0
end_of_record
TN:
SF:/opt/ros/humble/include/rclcpp/rclcpp/detail/cpp_callback_trampoline.hpp
FN:58,_ZN6rclcpp6detail23cpp_callback_trampolineIPKvJmEvEET1_T_DpT0_
FNDA:0,_ZN6rclcpp6detail23cpp_callback_trampolineIPKvJmEvEET1_T_DpT0_
FNF:1
FNH:0
DA:58,0
DA:60,0
DA:61,0
LF:3
LH:0
end_of_record
TN:
SF:/opt/ros/humble/include/rclcpp/rclcpp/detail/qos_parameters.hpp
FN:44,_ZN6rclcpp6detail28PublisherQosParametersTraits11entity_typeEv
FN:64,_ZN6rclcpp6detail31SubscriptionQosParametersTraits11entity_typeEv
FN:93,_ZN6rclcpp6detail24declare_parameter_or_getERNS_15node_interfaces23NodeParametersInterfaceERKNSt7__cxx1112basic_stringIcSt11char_traitsIcESaIcEEENS_14ParameterValueEN14rcl_interfaces3msg20ParameterDescriptor_ISaIvEEE
FN:138,_ZN6rclcpp6detail22declare_qos_parametersINS_4NodeENS0_28PublisherQosParametersTraitsEEENSt9enable_ifIXoosrNS_15node_interfaces29has_node_parameters_interfaceIDTcl7declvalIN9rcpputils14remove_pointerIT_E4typeEEEEvEE5valuesrSt7is_sameINSt5decayIS9_E4typeESt10shared_ptrINS5_23NodeParametersInterfaceEEE5valueENS_3QoSEE4typeERKNS_20QosOverridingOptionsERS9_RKNSt7__cxx1112basic_stringIcSt11char_traitsIcESaIcEEERKSM_T0_
[...]
FN:200,_ZN6rclcpp12GenericTimerIZNS_6detail19create_subscriptionIN8nav_msgs3msg9Odometry_ISaIvEEESt5_BindIFM12InspectorBotFvSt10shared_ptrIS7_EEPS9_St12_PlaceholderILi1EEEES6_NS_12SubscriptionIS7_S6_S7_S7_NS_23message_memory_strategy21MessageMemoryStrategyIS7_S6_EEEESM_NS_4NodeESO_S7_EESA_IT2_ERT4_RT5_RKNSt7__cxx1112basic_stringIcSt11char_traitsIcESaIcEEERKNS_3QoSEOT0_RKNS_32SubscriptionOptionsWithAllocatorIT1_EENT3_9SharedPtrEEUlvE_LPv0EED0Ev
FN:211,_ZN6rclcpp12GenericTimerIZNS_6detail19create_subscriptionIN8nav_msgs3msg9Odometry_ISaIvEEESt5_BindIFM12InspectorBotFvSt10shared_ptrIS7_EEPS9_St12_PlaceholderILi1EEEES6_NS_12SubscriptionIS7_S6_S7_S7_NS_23message_memory_strategy21MessageMemoryStrategyIS7_S6_EEEESM_NS_4NodeESO_S7_EESA_IT2_ERT4_RT5_RKNSt7__cxx1112basic_stringIcSt11char_traitsIcESaIcEEERKNS_3QoSEOT0_RKNS_32SubscriptionOptionsWithAllocatorIT1_EENT3_9SharedPtrEEUlvE_LPv0EE4callEv
FN:227,_ZN6rclcpp12GenericTimerIZNS_6detail19create_subscriptionIN8nav_msgs3msg9Odometry_ISaIvEEESt5_BindIFM12InspectorBotFvSt10shared_ptrIS7_EEPS9_St12_PlaceholderILi1EEEES6_NS_12SubscriptionIS7_S6_S7_S7_NS_23message_memory_strategy21MessageMemoryStrategyIS7_S6_EEEESM_NS_4NodeESO_S7_EESA_IT2_ERT4_RT5_RKNSt7__cxx1112basic_stringIcSt11char_traitsIcESaIcEEERKNS_3QoSEOT0_RKNS_32SubscriptionOptionsWithAllocatorIT1_EENT3_9SharedPtrEEUlvE_LPv0EE16execute_callbackEv
FN:242,_ZN6rclcpp12GenericTimerIZNS_6detail19create_subscriptionIN8nav_msgs3msg9Odometry_ISaIvEEESt5_BindIFM12InspectorBotFvSt10shared_ptrIS7_EEPS9_St12_PlaceholderILi1EEEES6_NS_12SubscriptionIS7_S6_S7_S7_NS_23message_memory_strategy21MessageMemoryStrategyIS7_S6_EEEESM_NS_4NodeESO_S7_EESA_IT2_ERT4_RT5_RKNSt7__cxx1112basic_stringIcSt11char_traitsIcESaIcEEERKNS_3QoSEOT0_RKNS_32SubscriptionOptionsWithAllocatorIT1_EENT3_9SharedPtrEEUlvE_LPv0EE25execute_callback_delegateIS1F_LS1G_0EEEvv
FN:262,_ZN6rclcpp12GenericTimerIZNS_6detail19create_subscriptionIN8nav_msgs3msg9Odometry_ISaIvEEESt5_BindIFM12InspectorBotFvSt10shared_ptrIS7_EEPS9_St12_PlaceholderILi1EEEES6_NS_12SubscriptionIS7_S6_S7_S7_NS_23message_memory_strategy21MessageMemoryStrategyIS7_S6_EEEESM_NS_4NodeESO_S7_EESA_IT2_ERT4_RT5_RKNSt7__cxx1112basic_stringIcSt11char_traitsIcESaIcEEERKNS_3QoSEOT0_RKNS_32SubscriptionOptionsWithAllocatorIT1_EENT3_9SharedPtrEEUlvE_LPv0EE9is_steadyEv
FN:283,_ZN6rclcpp9WallTimerIZNS_6detail19create_subscriptionIN8nav_msgs3msg9Odometry_ISaIvEEESt5_BindIFM12InspectorBotFvSt10shared_ptrIS7_EEPS9_St12_PlaceholderILi1EEEES6_NS_12SubscriptionIS7_S6_S7_S7_NS_23message_memory_strategy21MessageMemoryStrategyIS7_S6_EEEESM_NS_4NodeESO_S7_EESA_IT2_ERT4_RT5_RKNSt7__cxx1112basic_stringIcSt11char_traitsIcESaIcEEERKNS_3QoSEOT0_RKNS_32SubscriptionOptionsWithAllocatorIT1_EENT3_9SharedPtrEEUlvE_LPv0EE11make_sharedIJRKNSt6chrono8durationIlSt5ratioILl1ELl1000000000EEEES1F_SA_INS_7ContextEEEEESA_IS1H_EDpOT_
FN:291,_ZN6rclcpp9WallTimerIZNS_6detail19create_subscriptionIN8nav_msgs3msg9Odometry_ISaIvEEESt5_BindIFM12InspectorBotFvSt10shared_ptrIS7_EEPS9_St12_PlaceholderILi1EEEES6_NS_12SubscriptionIS7_S6_S7_S7_NS_23message_memory_strategy21MessageMemoryStrategyIS7_S6_EEEESM_NS_4NodeESO_S7_EESA_IT2_ERT4_RT5_RKNSt7__cxx1112basic_stringIcSt11char_traitsIcESaIcEEERKNS_3QoSEOT0_RKNS_32SubscriptionOptionsWithAllocatorIT1_EENT3_9SharedPtrEEUlvE_LPv0EEC2ENSt6chrono8durationIlSt5ratioILl1ELl1000000000EEEEOS1F_SA_INS_7ContextEE
FNDA:0,_ZN6rclcpp9WallTimerIZNS_6detail19create_subscriptionIN8nav_msgs3msg9Odometry_ISaIvEEESt5_BindIFM12InspectorBotFvSt10shared_ptrIS7_EEPS9_St12_PlaceholderILi1EEEES6_NS_12SubscriptionIS7_S6_S7_S7_NS_23message_memory_strategy21MessageMemoryStrategyIS7_S6_EEEESM_NS_4NodeESO_S7_EESA_IT2_ERT4_RT5_RKNSt7__cxx1112basic_stringIcSt11char_traitsIcESaIcEEERKNS_3QoSEOT0_RKNS_32SubscriptionOptionsWithAllocatorIT1_EENT3_9SharedPtrEEUlvE_LPv0EEC2ENSt6chrono8durationIlSt5ratioILl1ELl1000000000EEEEOS1F_SA_INS_7ContextEE
FNDA:0,_ZN6rclcpp12GenericTimerIZNS_6detail19create_subscriptionIN8nav_msgs3msg9Odometry_ISaIvEEESt5_BindIFM12InspectorBotFvSt10shared_ptrIS7_EEPS9_St12_PlaceholderILi1EEEES6_NS_12SubscriptionIS7_S6_S7_S7_NS_23message_memory_strategy21MessageMemoryStrategyIS7_S6_EEEESM_NS_4NodeESO_S7_EESA_IT2_ERT4_RT5_RKNSt7__cxx1112basic_stringIcSt11char_traitsIcESaIcEEERKNS_3QoSEOT0_RKNS_32SubscriptionOptionsWithAllocatorIT1_EENT3_9SharedPtrEEUlvE_LPv0EE4callEv
FNDA:0,_ZN6rclcpp12GenericTimerIZNS_6detail19create_subscriptionIN8nav_msgs3msg9Odometry_ISaIvEEESt5_BindIFM12InspectorBotFvSt10shared_ptrIS7_EEPS9_St12_PlaceholderILi1EEEES6_NS_12SubscriptionIS7_S6_S7_S7_NS_23message_memory_strategy21MessageMemoryStrategyIS7_S6_EEEESM_NS_4NodeESO_S7_EESA_IT2_ERT4_RT5_RKNSt7__cxx1112basic_stringIcSt11char_traitsIcESaIcEEERKNS_3QoSEOT0_RKNS_32SubscriptionOptionsWithAllocatorIT1_EENT3_9SharedPtrEEUlvE_LPv0EE9is_steadyEv
FNDA:0,_ZN6rclcpp9WallTimerIZNS_6detail19create_subscriptionIN8nav_msgs3msg9Odometry_ISaIvEEESt5_BindIFM12InspectorBotFvSt10shared_ptrIS7_EEPS9_St12_PlaceholderILi1EEEES6_NS_12SubscriptionIS7_S6_S7_S7_NS_23message_memory_strategy21MessageMemoryStrategyIS7_S6_EEEESM_NS_4NodeESO_S7_EESA_IT2_ERT4_RT5_RKNSt7__cxx1112basic_stringIcSt11char_traitsIcESaIcEEERKNS_3QoSEOT0_RKNS_32SubscriptionOptionsWithAllocatorIT1_EENT3_9SharedPtrEEUlvE_LPv0EE11make_sharedIJRKNSt6chrono8durationIlSt5ratioILl1ELl1000000000EEEES1F_SA_INS_7ContextEEEEESA_IS1H_EDpOT_
FNDA:0,_ZN6rclcpp12GenericTimerIZNS_6detail19create_subscriptionIN8nav_msgs3msg9Odometry_ISaIvEEESt5_BindIFM12InspectorBotFvSt10shared_ptrIS7_EEPS9_St12_PlaceholderILi1EEEES6_NS_12SubscriptionIS7_S6_S7_S7_NS_23message_memory_strategy21MessageMemoryStrategyIS7_S6_EEEESM_NS_4NodeESO_S7_EESA_IT2_ERT4_RT5_RKNSt7__cxx1112basic_stringIcSt11char_traitsIcESaIcEEERKNS_3QoSEOT0_RKNS_32SubscriptionOptionsWithAllocatorIT1_EENT3_9SharedPtrEEUlvE_LPv0EED2Ev
FNDA:0,_ZN6rclcpp12GenericTimerIZNS_6detail19create_subscriptionIN8nav_msgs3msg9Odometry_ISaIvEEESt5_BindIFM12InspectorBotFvSt10shared_ptrIS7_EEPS9_St12_PlaceholderILi1EEEES6_NS_12SubscriptionIS7_S6_S7_S7_NS_23message_memory_strategy21MessageMemoryStrategyIS7_S6_EEEESM_NS_4NodeESO_S7_EESA_IT2_ERT4_RT5_RKNSt7__cxx1112basic_stringIcSt11char_traitsIcESaIcEEERKNS_3QoSEOT0_RKNS_32SubscriptionOptionsWithAllocatorIT1_EENT3_9SharedPtrEEUlvE_LPv0EE25execute_callback_delegateIS1F_LS1G_0EEEvv
FNDA:0,_ZN6rclcpp12GenericTimerIZNS_6detail19create_subscriptionIN8nav_msgs3msg9Odometry_ISaIvEEESt5_BindIFM12InspectorBotFvSt10shared_ptrIS7_EEPS9_St12_PlaceholderILi1EEEES6_NS_12SubscriptionIS7_S6_S7_S7_NS_23message_memory_strategy21MessageMemoryStrategyIS7_S6_EEEESM_NS_4NodeESO_S7_EESA_IT2_ERT4_RT5_RKNSt7__cxx1112basic_stringIcSt11char_traitsIcESaIcEEERKNS_3QoSEOT0_RKNS_32SubscriptionOptionsWithAllocatorIT1_EENT3_9SharedPtrEEUlvE_LPv0EED0Ev
FNDA:0,_ZN6rclcpp12GenericTimerIZNS_6detail19create_subscriptionIN8nav_msgs3msg9Odometry_ISaIvEEESt5_BindIFM12InspectorBotFvSt10shared_ptrIS7_EEPS9_St12_PlaceholderILi1EEEES6_NS_12SubscriptionIS7_S6_S7_S7_NS_23message_memory_strategy21MessageMemoryStrategyIS7_S6_EEEESM_NS_4NodeESO_S7_EESA_IT2_ERT4_RT5_RKNSt7__cxx1112basic_stringIcSt11char_traitsIcESaIcEEERKNS_3QoSEOT0_RKNS_32SubscriptionOptionsWithAllocatorIT1_EENT3_9SharedPtrEEUlvE_LPv0EEC2ESA_INS_5ClockEENSt6chrono8durationIlSt5ratioILl1ELl1000000000EEEEOS1F_SA_INS_7ContextEE
FNDA:0,_ZN6rclcpp12GenericTimerIZNS_6detail19create_subscriptionIN8nav_msgs3msg9Odometry_ISaIvEEESt5_BindIFM12InspectorBotFvSt10shared_ptrIS7_EEPS9_St12_PlaceholderILi1EEEES6_NS_12SubscriptionIS7_S6_S7_S7_NS_23message_memory_strategy21MessageMemoryStrategyIS7_S6_EEEESM_NS_4NodeESO_S7_EESA_IT2_ERT4_RT5_RKNSt7__cxx1112basic_stringIcSt11char_traitsIcESaIcEEERKNS_3QoSEOT0_RKNS_32SubscriptionOptionsWithAllocatorIT1_EENT3_9SharedPtrEEUlvE_LPv0EE16execute_callbackEv
FNF:9
FNH:0
DA:183,0
DA:187,0
DA:189,0
DA:193,0
DA:197,0
DA:200,0
DA:203,0
DA:204,0
DA:211,0
DA:213,0
DA:214,0
DA:215,0
DA:217,0
DA:218,0
DA:220,0
DA:227,0
DA:229,0
DA:230,0
DA:231,0
DA:232,0
DA:242,0
DA:244,0
DA:245,0
DA:262,0
DA:264,0
DA:283,0
DA:291,0
DA:296,0
DA:297,0
LF:29
LH:0
end_of_record
TN:
SF:/opt/ros/humble/include/rclcpp/rclcpp/topic_statistics/subscription_topic_statistics.hpp
FN:80,_ZN6rclcpp16topic_statistics27SubscriptionTopicStatisticsIN8nav_msgs3msg9Odometry_ISaIvEEEEC2ERKNSt7__cxx1112basic_stringIcSt11char_traitsIcESaIcEEESt10shared_ptrINS_9PublisherIN15statistics_msgs3msg15MetricsMessage_IS5_EES5_EEE
FN:95,_ZN6rclcpp16topic_statistics27SubscriptionTopicStatisticsIN8nav_msgs3msg9Odometry_ISaIvEEEED0Ev
FN:95,_ZN6rclcpp16topic_statistics27SubscriptionTopicStatisticsIN8nav_msgs3msg9Odometry_ISaIvEEEED2Ev
FN:107,_ZNK6rclcpp16topic_statistics27SubscriptionTopicStatisticsIN8nav_msgs3msg9Odometry_ISaIvEEEE14handle_messageERKS6_NS_4TimeE
FN:121,_ZN6rclcpp16topic_statistics27SubscriptionTopicStatisticsIN8nav_msgs3msg9Odometry_ISaIvEEEE19set_publisher_timerESt10shared_ptrINS_9TimerBaseEE
FN:130,_ZN6rclcpp16topic_statistics27SubscriptionTopicStatisticsIN8nav_msgs3msg9Odometry_ISaIvEEEE38publish_message_and_reset_measurementsEv
FN:180,_ZN6rclcpp16topic_statistics27SubscriptionTopicStatisticsIN8nav_msgs3msg9Odometry_ISaIvEEEE8bring_upEv
FN:200,_ZN6rclcpp16topic_statistics27SubscriptionTopicStatisticsIN8nav_msgs3msg9Odometry_ISaIvEEEE9tear_downEv
FN:223,_ZNK6rclcpp16topic_statistics27SubscriptionTopicStatisticsIN8nav_msgs3msg9Odometry_ISaIvEEEE35get_current_nanoseconds_since_epochEv
FNDA:0,_ZN6rclcpp16topic_statistics27SubscriptionTopicStatisticsIN8nav_msgs3msg9Odometry_ISaIvEEEE9tear_downEv
FNDA:0,_ZN6rclcpp16topic_statistics27SubscriptionTopicStatisticsIN8nav_msgs3msg9Odometry_ISaIvEEEEC2ERKNSt7__cxx1112basic_stringIcSt11char_traitsIcESaIcEEESt10shared_ptrINS_9PublisherIN15statistics_msgs3msg15MetricsMessage_IS5_EES5_EEE
FNDA:0,_ZNK6rclcpp16topic_statistics27SubscriptionTopicStatisticsIN8nav_msgs3msg9Odometry_ISaIvEEEE14handle_messageERKS6_NS_4TimeE
FNDA:0,_ZNK6rclcpp16topic_statistics27SubscriptionTopicStatisticsIN8nav_msgs3msg9Odometry_ISaIvEEEE35get_current_nanoseconds_since_epochEv
FNDA:0,_ZN6rclcpp16topic_statistics27SubscriptionTopicStatisticsIN8nav_msgs3msg9Odometry_ISaIvEEEED0Ev
FNDA:0,_ZN6rclcpp16topic_statistics27SubscriptionTopicStatisticsIN8nav_msgs3msg9Odometry_ISaIvEEEE19set_publisher_timerESt10shared_ptrINS_9TimerBaseEE
FNDA:0,_ZN6rclcpp16topic_statistics27SubscriptionTopicStatisticsIN8nav_msgs3msg9Odometry_ISaIvEEEED2Ev
FNDA:0,_ZN6rclcpp16topic_statistics27SubscriptionTopicStatisticsIN8nav_msgs3msg9Odometry_ISaIvEEEE8bring_upEv
FNDA:0,_ZN6rclcpp16topic_statistics27SubscriptionTopicStatisticsIN8nav_msgs3msg9Odometry_ISaIvEEEE38publish_message_and_reset_measurementsEv
FNF:9
FNH:0
DA:80,0
DA:83,0
DA:84,0
DA:88,0
DA:89,0
DA:92,0
DA:93,0
DA:95,0
DA:97,0
DA:98,0
DA:107,0
DA:111,0
DA:112,0
DA:113,0
DA:115,0
DA:121,0
DA:123,0
DA:124,0
DA:130,0
DA:132,0
DA:133,0
DA:136,0
DA:137,0
DA:138,0
DA:139,0
DA:141,0
DA:142,0
DA:143,0
DA:144,0
DA:148,0
DA:150,0
DA:152,0
DA:153,0
DA:155,0
DA:156,0
DA:180,0
DA:182,0
DA:183,0
DA:184,0
DA:186,0
DA:187,0
DA:189,0
DA:190,0
DA:191,0
DA:193,0
DA:194,0
DA:200,0
DA:203,0
DA:204,0
DA:205,0
DA:208,0
DA:209,0
DA:211,0
DA:212,0
DA:213,0
DA:216,0
DA:217,0
DA:223,0
DA:225,0
DA:226,0
LF:60
LH:0
end_of_record
TN:
SF:/opt/ros/humble/include/rclcpp/rclcpp/waitable.hpp
FN:36,_ZN6rclcpp8WaitableD2Ev
FN:36,_ZN6rclcpp8WaitableD0Ev
FNDA:0,_ZN6rclcpp8WaitableD0Ev
FNDA:0,_ZN6rclcpp8WaitableD2Ev
FNF:2
FNH:0
DA:36,0
LF:1
LH:0
end_of_record
TN:
SF:/opt/ros/humble/include/rmw/rmw/impl/cpp/demangle.hpp
FN:39,_ZN3rmw4impl3cpp8demangleISt9exceptionEENSt7__cxx1112basic_stringIcSt11char_traitsIcESaIcEEERKT_
FNDA:0,_ZN3rmw4impl3cpp8demangleISt9exceptionEENSt7__cxx1112basic_stringIcSt11char_traitsIcESaIcEEERKT_
FNF:1
FNH:0
DA:39,0
DA:44,0
DA:45,0
DA:47,0
DA:49,0
DA:52,0
DA:56,0
LF:7
LH:0
end_of_record
TN:
SF:/opt/ros/humble/include/rosidl_runtime_cpp/rosidl_runtime_cpp/bounded_vector.hpp
FN:56,_ZN18rosidl_runtime_cpp13BoundedVectorIN14rcl_interfaces3msg19FloatingPointRange_ISaIvEEELm1ESaIS5_EEC2Ev
FN:56,_ZN18rosidl_runtime_cpp13BoundedVectorIN14rcl_interfaces3msg13IntegerRange_ISaIvEEELm1ESaIS5_EEC2Ev
FN:119,_ZN18rosidl_runtime_cpp13BoundedVectorIN14rcl_interfaces3msg13IntegerRange_ISaIvEEELm1ESaIS5_EEC2ERKS7_
FN:119,_ZN18rosidl_runtime_cpp13BoundedVectorIN14rcl_interfaces3msg19FloatingPointRange_ISaIvEEELm1ESaIS5_EEC2ERKS7_
FN:196,_ZN18rosidl_runtime_cpp13BoundedVectorIN14rcl_interfaces3msg13IntegerRange_ISaIvEEELm1ESaIS5_EED2Ev
FN:196,_ZN18rosidl_runtime_cpp13BoundedVectorIN14rcl_interfaces3msg19FloatingPointRange_ISaIvEEELm1ESaIS5_EED2Ev
FNDA:0,_ZN18rosidl_runtime_cpp13BoundedVectorIN14rcl_interfaces3msg19FloatingPointRange_ISaIvEEELm1ESaIS5_EEC2Ev
FNDA:0,_ZN18rosidl_runtime_cpp13BoundedVectorIN14rcl_interfaces3msg19FloatingPointRange_ISaIvEEELm1ESaIS5_EED2Ev
FNDA:0,_ZN18rosidl_runtime_cpp13BoundedVectorIN14rcl_interfaces3msg13IntegerRange_ISaIvEEELm1ESaIS5_EEC2Ev
FNDA:0,_ZN18rosidl_runtime_cpp13BoundedVectorIN14rcl_interfaces3msg19FloatingPointRange_ISaIvEEELm1ESaIS5_EEC2ERKS7_
FNDA:0,_ZN18rosidl_runtime_cpp13BoundedVectorIN14rcl_interfaces3msg13IntegerRange_ISaIvEEELm1ESaIS5_EEC2ERKS7_
FNDA:0,_ZN18rosidl_runtime_cpp13BoundedVectorIN14rcl_interfaces3msg13IntegerRange_ISaIvEEELm1ESaIS5_EED2Ev
FNF:6
FNH:0
DA:56,0
DA:58,0
DA:59,0
DA:119,0
DA:121,0
DA:122,0
DA:196,0
DA:197,0
LF:8
LH:0
end_of_record
TN:
SF:/opt/ros/humble/include/std_msgs/std_msgs/msg/detail/header__struct.hpp
FN:40,_ZN8std_msgs3msg7Header_ISaIvEEC2EN18rosidl_runtime_cpp21MessageInitializationE
FNDA:0,_ZN8std_msgs3msg7Header_ISaIvEEC2EN18rosidl_runtime_cpp21MessageInitializationE
FNF:1
FNH:0
DA:40,0
DA:41,0
DA:43,0
DA:46,0
DA:48,0
LF:5
LH:0
end_of_record
TN:
SF:/opt/ros/humble/include/tracetools/tracetools/utils.hpp
FN:57,_ZN10tracetools10get_symbolIvJRKSt10shared_ptrIKN6rclcpp17SerializedMessageEERKNS2_11MessageInfoEEEEPKcSt8functionIFT_DpT0_EE
FN:57,_ZN10tracetools10get_symbolIvJRKN8nav_msgs3msg9Odometry_ISaIvEEERKN6rclcpp11MessageInfoEEEEPKcSt8functionIFT_DpT0_EE
FN:57,_ZN10tracetools10get_symbolIvJSt10shared_ptrIKN8nav_msgs3msg9Odometry_ISaIvEEEEEEEPKcSt8functionIFT_DpT0_EE
FN:57,_ZN10tracetools10get_symbolIvJRKSt10shared_ptrIKN8nav_msgs3msg9Odometry_ISaIvEEEEEEEPKcSt8functionIFT_DpT0_EE
FN:57,_ZN10tracetools10get_symbolIvJSt10shared_ptrIN6rclcpp17SerializedMessageEERKNS2_11MessageInfoEEEEPKcSt8functionIFT_DpT0_EE
FN:57,_ZN10tracetools10get_symbolIvJSt10shared_ptrIN8nav_msgs3msg9Odometry_ISaIvEEEERKN6rclcpp11MessageInfoEEEEPKcSt8functionIFT_DpT0_EE
FN:57,_ZN10tracetools10get_symbolIvJSt10shared_ptrIN8nav_msgs3msg9Odometry_ISaIvEEEEEEEPKcSt8functionIFT_DpT0_EE
FN:57,_ZN10tracetools10get_symbolIvJSt10shared_ptrIKN6rclcpp17SerializedMessageEEEEEPKcSt8functionIFT_DpT0_EE
FN:57,_ZN10tracetools10get_symbolIvJRKN8nav_msgs3msg9Odometry_ISaIvEEEEEEPKcSt8functionIFT_DpT0_EE
FN:57,_ZN10tracetools10get_symbolIvJSt10unique_ptrIN8nav_msgs3msg9Odometry_ISaIvEEESt14default_deleteIS6_EEEEEPKcSt8functionIFT_DpT0_EE
FN:57,_ZN10tracetools10get_symbolIvJSt10shared_ptrIKN8nav_msgs3msg9Odometry_ISaIvEEEERKN6rclcpp11MessageInfoEEEEPKcSt8functionIFT_DpT0_EE
FN:57,_ZN10tracetools10get_symbolIvJSt10unique_ptrIN8nav_msgs3msg9Odometry_ISaIvEEESt14default_deleteIS6_EERKN6rclcpp11MessageInfoEEEEPKcSt8functionIFT_DpT0_EE
FN:57,_ZN10tracetools10get_symbolIvJRKSt10shared_ptrIKN8nav_msgs3msg9Odometry_ISaIvEEEERKN6rclcpp11MessageInfoEEEEPKcSt8functionIFT_DpT0_EE
FN:57,_ZN10tracetools10get_symbolIvJRKN6rclcpp17SerializedMessageEEEEPKcSt8functionIFT_DpT0_EE
FN:57,_ZN10tracetools10get_symbolIvJSt10shared_ptrIKN6rclcpp17SerializedMessageEERKNS2_11MessageInfoEEEEPKcSt8functionIFT_DpT0_EE
FN:57,_ZN10tracetools10get_symbolIvJRKSt10shared_ptrIKN6rclcpp17SerializedMessageEEEEEPKcSt8functionIFT_DpT0_EE
FN:57,_ZN10tracetools10get_symbolIvJSt10unique_ptrIN6rclcpp17SerializedMessageESt14default_deleteIS3_EERKNS2_11MessageInfoEEEEPKcSt8functionIFT_DpT0_EE
FN:57,_ZN10tracetools10get_symbolIvJSt10unique_ptrIN6rclcpp17SerializedMessageESt14default_deleteIS3_EEEEEPKcSt8functionIFT_DpT0_EE
FN:57,_ZN10tracetools10get_symbolIvJSt10shared_ptrIN6rclcpp17SerializedMessageEEEEEPKcSt8functionIFT_DpT0_EE
FN:57,_ZN10tracetools10get_symbolIvJRKN6rclcpp17SerializedMessageERKNS1_11MessageInfoEEEEPKcSt8functionIFT_DpT0_EE
FN:78,_ZN10tracetools10get_symbolIRZN6rclcpp6detail19create_subscriptionIN8nav_msgs3msg9Odometry_ISaIvEEESt5_BindIFM12InspectorBotFvSt10shared_ptrIS8_EEPSA_St12_PlaceholderILi1EEEES7_NS1_12SubscriptionIS8_S7_S8_S8_NS1_23message_memory_strategy21MessageMemoryStrategyIS8_S7_EEEESN_NS1_4NodeESP_S8_EESB_IT2_ERT4_RT5_RKNSt7__cxx1112basic_stringIcSt11char_traitsIcESaIcEEERKNS1_3QoSEOT0_RKNS1_32SubscriptionOptionsWithAllocatorIT1_EENT3_9SharedPtrEEUlvE_EEPKcOT_
FNDA:0,_ZN10tracetools10get_symbolIvJSt10unique_ptrIN6rclcpp17SerializedMessageESt14default_deleteIS3_EERKNS2_11MessageInfoEEEEPKcSt8functionIFT_DpT0_EE
FNDA:0,_ZN10tracetools10get_symbolIRZN6rclcpp6detail19create_subscriptionIN8nav_msgs3msg9Odometry_ISaIvEEESt5_BindIFM12InspectorBotFvSt10shared_ptrIS8_EEPSA_St12_PlaceholderILi1EEEES7_NS1_12SubscriptionIS8_S7_S8_S8_NS1_23message_memory_strategy21MessageMemoryStrategyIS8_S7_EEEESN_NS1_4NodeESP_S8_EESB_IT2_ERT4_RT5_RKNSt7__cxx1112basic_stringIcSt11char_traitsIcESaIcEEERKNS1_3QoSEOT0_RKNS1_32SubscriptionOptionsWithAllocatorIT1_EENT3_9SharedPtrEEUlvE_EEPKcOT_
FNDA:0,_ZN10tracetools10get_symbolIvJSt10shared_ptrIKN6rclcpp17SerializedMessageEERKNS2_11MessageInfoEEEEPKcSt8functionIFT_DpT0_EE
FNDA:0,_ZN10tracetools10get_symbolIvJRKSt10shared_ptrIKN6rclcpp17SerializedMessageEEEEEPKcSt8functionIFT_DpT0_EE
FNDA:0,_ZN10tracetools10get_symbolIvJRKN6rclcpp17SerializedMessageEEEEPKcSt8functionIFT_DpT0_EE
FNDA:0,_ZN10tracetools10get_symbolIvJRKSt10shared_ptrIKN8nav_msgs3msg9Odometry_ISaIvEEEERKN6rclcpp11MessageInfoEEEEPKcSt8functionIFT_DpT0_EE
FNDA:0,_ZN10tracetools10get_symbolIvJRKN6rclcpp17SerializedMessageERKNS1_11MessageInfoEEEEPKcSt8functionIFT_DpT0_EE
FNDA:0,_ZN10tracetools10get_symbolIvJSt10shared_ptrIN6rclcpp17SerializedMessageEEEEEPKcSt8functionIFT_DpT0_EE
FNDA:0,_ZN10tracetools10get_symbolIvJSt10unique_ptrIN6rclcpp17SerializedMessageESt14default_deleteIS3_EEEEEPKcSt8functionIFT_DpT0_EE
FNDA:0,_ZN10tracetools10get_symbolIvJSt10shared_ptrIKN8nav_msgs3msg9Odometry_ISaIvEEEERKN6rclcpp11MessageInfoEEEEPKcSt8functionIFT_DpT0_EE
FNDA:0,_ZN10tracetools10get_symbolIvJSt10unique_ptrIN8nav_msgs3msg9Odometry_ISaIvEEESt14default_deleteIS6_EERKN6rclcpp11MessageInfoEEEEPKcSt8functionIFT_DpT0_EE
FNDA:0,_ZN10tracetools10get_symbolIvJSt10unique_ptrIN8nav_msgs3msg9Odometry_ISaIvEEESt14default_deleteIS6_EEEEEPKcSt8functionIFT_DpT0_EE
FNDA:0,_ZN10tracetools10get_symbolIvJSt10shared_ptrIN8nav_msgs3msg9Odometry_ISaIvEEEERKN6rclcpp11MessageInfoEEEEPKcSt8functionIFT_DpT0_EE
FNDA:0,_ZN10tracetools10get_symbolIvJSt10shared_ptrIN6rclcpp17SerializedMessageEERKNS2_11MessageInfoEEEEPKcSt8functionIFT_DpT0_EE
FNDA:0,_ZN10tracetools10get_symbolIvJRKN8nav_msgs3msg9Odometry_ISaIvEEEEEEPKcSt8functionIFT_DpT0_EE
FNDA:0,_ZN10tracetools10get_symbolIvJSt10shared_ptrIN8nav_msgs3msg9Odometry_ISaIvEEEEEEEPKcSt8functionIFT_DpT0_EE
FNDA:0,_ZN10tracetools10get_symbolIvJSt10shared_ptrIKN6rclcpp17SerializedMessageEEEEEPKcSt8functionIFT_DpT0_EE
FNDA:0,_ZN10tracetools10get_symbolIvJSt10shared_ptrIKN8nav_msgs3msg9Odometry_ISaIvEEEEEEEPKcSt8functionIFT_DpT0_EE
FNDA:0,_ZN10tracetools10get_symbolIvJRKSt10shared_ptrIKN8nav_msgs3msg9Odometry_ISaIvEEEEEEEPKcSt8functionIFT_DpT0_EE
FNDA:0,_ZN10tracetools10get_symbolIvJRKSt10shared_ptrIKN6rclcpp17SerializedMessageEERKNS2_11MessageInfoEEEEPKcSt8functionIFT_DpT0_EE
FNDA:0,_ZN10tracetools10get_symbolIvJRKN8nav_msgs3msg9Odometry_ISaIvEEERKN6rclcpp11MessageInfoEEEEPKcSt8functionIFT_DpT0_EE
FNF:21
FNH:0
DA:57,0
DA:60,0
DA:62,0
DA:63,0
DA:64,0
DA:67,0
DA:78,0
DA:80,0
LF:8
LH:0
end_of_record
